#
# There is insufficient memory for the Java Runtime Environment to continue.
# Native memory allocation (malloc) failed to allocate 1136816 bytes. Error detail: Chunk::new
# Possible reasons:
#   The system is out of physical RAM or swap space
#   This process is running with CompressedOops enabled, and the Java Heap may be blocking the growth of the native heap
# Possible solutions:
#   Reduce memory load on the system
#   Increase physical memory or swap space
#   Check if swap backing store is full
#   Decrease Java heap size (-Xmx/-Xms)
#   Decrease number of Java threads
#   Decrease Java thread stack sizes (-Xss)
#   Set larger code cache with -XX:ReservedCodeCacheSize=
#   JVM is running with Unscaled Compressed Oops mode in which the Java heap is
#     placed in the first 4GB address space. The Java Heap base address is the
#     maximum limit for the native heap growth. Please use -XX:HeapBaseMinAddress
#     to set the Java Heap base and to place the Java Heap above 4GB virtual address.
# This output file may be truncated or incomplete.
#
#  Out of Memory Error (arena.cpp:168), pid=984, tid=2028
#
# JRE version: OpenJDK Runtime Environment Temurin-21.0.7+6 (21.0.7+6) (build 21.0.7+6-LTS)
# Java VM: OpenJDK 64-Bit Server VM Temurin-21.0.7+6 (21.0.7+6-LTS, mixed mode, sharing, tiered, compressed oops, compressed class ptrs, parallel gc, windows-amd64)
# No core dump will be written. Minidumps are not enabled by default on client versions of Windows
#

---------------  S U M M A R Y ------------

Command Line: --add-modules=ALL-SYSTEM --add-opens=java.base/java.util=ALL-UNNAMED --add-opens=java.base/java.lang=ALL-UNNAMED --add-opens=java.base/sun.nio.fs=ALL-UNNAMED -Declipse.application=org.eclipse.jdt.ls.core.id1 -Dosgi.bundles.defaultStartLevel=4 -Declipse.product=org.eclipse.jdt.ls.core.product -Djava.import.generatesMetadataFilesAtProjectRoot=false -DDetectVMInstallationsJob.disabled=true -Dfile.encoding=utf8 -XX:+UseParallelGC -XX:GCTimeRatio=4 -XX:AdaptiveSizePolicyWeight=90 -Dsun.zip.disableMemoryMapping=true -Xmx2G -Xms100m -Xlog:disable -javaagent:c:\Users\Lenovo\.vscode\extensions\redhat.java-1.43.1-win32-x64\lombok\lombok-1.18.39-4050.jar -XX:+HeapDumpOnOutOfMemoryError -XX:HeapDumpPath=c:\Users\Lenovo\AppData\Roaming\Code\User\workspaceStorage\0bc067e12cc19cec01aaf3f7bde4a848\redhat.java -Daether.dependencyCollector.impl=bf c:\Users\Lenovo\.vscode\extensions\redhat.java-1.43.1-win32-x64\server\plugins\org.eclipse.equinox.launcher_1.7.0.v20250519-0528.jar -configuration c:\Users\Lenovo\AppData\Roaming\Code\User\globalStorage\redhat.java\1.43.1\config_win -data c:\Users\Lenovo\AppData\Roaming\Code\User\workspaceStorage\0bc067e12cc19cec01aaf3f7bde4a848\redhat.java\jdt_ws --pipe=\\.\pipe\lsp-bdc7763add41e9be5ecc369879ca3c68-sock

Host: Intel(R) Core(TM) i5-7300U CPU @ 2.60GHz, 4 cores, 7G,  Windows 10 , 64 bit Build 19041 (10.0.19041.5915)
Time: Thu Jul 17 17:02:03 2025 India Standard Time elapsed time: 21.648160 seconds (0d 0h 0m 21s)

---------------  T H R E A D  ---------------

Current thread (0x0000025b4d2e2a80):  JavaThread "C2 CompilerThread0" daemon [_thread_in_native, id=2028, stack(0x0000005cea000000,0x0000005cea100000) (1024K)]


Current CompileTask:
C2:21648 5181       4       org.eclipse.osgi.internal.serviceregistry.ServiceRegistry::notifyHooksPrivileged (57 bytes)

Stack: [0x0000005cea000000,0x0000005cea100000]
Native frames: (J=compiled Java code, j=interpreted, Vv=VM code, C=native code)
V  [jvm.dll+0x6ce119]
V  [jvm.dll+0x8a84a1]
V  [jvm.dll+0x8aa9ce]
V  [jvm.dll+0x8ab0b3]
V  [jvm.dll+0x27f8a6]
V  [jvm.dll+0xc507d]
V  [jvm.dll+0xc55b3]
V  [jvm.dll+0x3b68f2]
V  [jvm.dll+0x382aa5]
V  [jvm.dll+0x381f0a]
V  [jvm.dll+0x247af0]
V  [jvm.dll+0x2470cf]
V  [jvm.dll+0x1c760e]
V  [jvm.dll+0x25695a]
V  [jvm.dll+0x254efa]
V  [jvm.dll+0x3f03f6]
V  [jvm.dll+0x851f6b]
V  [jvm.dll+0x6cc7dd]
C  [ucrtbase.dll+0x21bb2]
C  [KERNEL32.DLL+0x17374]
C  [ntdll.dll+0x4cc91]


---------------  P R O C E S S  ---------------

Threads class SMR info:
_java_thread_list=0x0000025b6b1154c0, length=32, elements={
0x0000025b4d3f0400, 0x0000025b4d2d8fc0, 0x0000025b4d2da8c0, 0x0000025b4d2dc520,
0x0000025b4d2dd430, 0x0000025b4d2df1f0, 0x0000025b4d2e1c50, 0x0000025b4d2e2a80,
0x0000025b4d357a50, 0x0000025b4d4b6210, 0x0000025b64bc6250, 0x0000025b6988f750,
0x0000025b697311e0, 0x0000025b6983f610, 0x0000025b6983fc70, 0x0000025b6995f9e0,
0x0000025b69e41e90, 0x0000025b698fecd0, 0x0000025b698ff360, 0x0000025b698fcc00,
0x0000025b698fd290, 0x0000025b698fd920, 0x0000025b698fdfb0, 0x0000025b698ff9f0,
0x0000025b6996c8e0, 0x0000025b6996cf70, 0x0000025b69969af0, 0x0000025b6996d600,
0x0000025b69968740, 0x0000025b699680b0, 0x0000025b69968dd0, 0x0000025b6996dc90
}

Java Threads: ( => current thread )
  0x0000025b4d3f0400 JavaThread "main"                              [_thread_in_vm, id=15368, stack(0x0000005ce9600000,0x0000005ce9700000) (1024K)] _threads_hazard_ptr=0x0000025b6b1154c0
  0x0000025b4d2d8fc0 JavaThread "Reference Handler"          daemon [_thread_blocked, id=13260, stack(0x0000005ce9a00000,0x0000005ce9b00000) (1024K)]
  0x0000025b4d2da8c0 JavaThread "Finalizer"                  daemon [_thread_blocked, id=16716, stack(0x0000005ce9b00000,0x0000005ce9c00000) (1024K)]
  0x0000025b4d2dc520 JavaThread "Signal Dispatcher"          daemon [_thread_blocked, id=4576, stack(0x0000005ce9c00000,0x0000005ce9d00000) (1024K)]
  0x0000025b4d2dd430 JavaThread "Attach Listener"            daemon [_thread_blocked, id=7412, stack(0x0000005ce9d00000,0x0000005ce9e00000) (1024K)]
  0x0000025b4d2df1f0 JavaThread "Service Thread"             daemon [_thread_blocked, id=6752, stack(0x0000005ce9e00000,0x0000005ce9f00000) (1024K)]
  0x0000025b4d2e1c50 JavaThread "Monitor Deflation Thread"   daemon [_thread_blocked, id=16288, stack(0x0000005ce9f00000,0x0000005cea000000) (1024K)]
=>0x0000025b4d2e2a80 JavaThread "C2 CompilerThread0"         daemon [_thread_in_native, id=2028, stack(0x0000005cea000000,0x0000005cea100000) (1024K)]
  0x0000025b4d357a50 JavaThread "C1 CompilerThread0"         daemon [_thread_blocked, id=17104, stack(0x0000005cea100000,0x0000005cea200000) (1024K)]
  0x0000025b4d4b6210 JavaThread "Common-Cleaner"             daemon [_thread_blocked, id=4072, stack(0x0000005cea200000,0x0000005cea300000) (1024K)]
  0x0000025b64bc6250 JavaThread "Notification Thread"        daemon [_thread_blocked, id=3584, stack(0x0000005cea300000,0x0000005cea400000) (1024K)]
  0x0000025b6988f750 JavaThread "Active Thread: Equinox Container: 5f40a103-78b4-454b-810d-989e0e0d7bac"        [_thread_blocked, id=9208, stack(0x0000005cea800000,0x0000005cea900000) (1024K)]
  0x0000025b697311e0 JavaThread "Refresh Thread: Equinox Container: 5f40a103-78b4-454b-810d-989e0e0d7bac" daemon [_thread_blocked, id=13380, stack(0x0000005cea900000,0x0000005ceaa00000) (1024K)]
  0x0000025b6983f610 JavaThread "Framework Event Dispatcher: Equinox Container: 5f40a103-78b4-454b-810d-989e0e0d7bac" daemon [_thread_blocked, id=2184, stack(0x0000005ceaa00000,0x0000005ceab00000) (1024K)]
  0x0000025b6983fc70 JavaThread "Start Level: Equinox Container: 5f40a103-78b4-454b-810d-989e0e0d7bac" daemon [_thread_blocked, id=18076, stack(0x0000005ceab00000,0x0000005ceac00000) (1024K)]
  0x0000025b6995f9e0 JavaThread "Bundle File Closer"         daemon [_thread_blocked, id=14904, stack(0x0000005ceac00000,0x0000005cead00000) (1024K)]
  0x0000025b69e41e90 JavaThread "SCR Component Actor"        daemon [_thread_blocked, id=4956, stack(0x0000005cead00000,0x0000005ceae00000) (1024K)]
  0x0000025b698fecd0 JavaThread "Worker-JM"                         [_thread_blocked, id=19500, stack(0x0000005cea400000,0x0000005cea500000) (1024K)]
  0x0000025b698ff360 JavaThread "Worker-0: Repository registry initialization"        [_thread_blocked, id=16260, stack(0x0000005ceaf00000,0x0000005ceb000000) (1024K)]
  0x0000025b698fcc00 JavaThread "Worker-1: Updating Maven Dependencies"        [_thread_in_vm, id=3240, stack(0x0000005ceb000000,0x0000005ceb100000) (1024K)]
  0x0000025b698fd290 JavaThread "Worker-2: Initialize After Load"        [_thread_in_native, id=17988, stack(0x0000005ceb100000,0x0000005ceb200000) (1024K)]
  0x0000025b698fd920 JavaThread "Worker-3: Loading available Gradle versions"        [_thread_blocked, id=11076, stack(0x0000005ceb200000,0x0000005ceb300000) (1024K)]
  0x0000025b698fdfb0 JavaThread "Java indexing"              daemon [_thread_blocked, id=4988, stack(0x0000005ceb400000,0x0000005ceb500000) (1024K)]
  0x0000025b698ff9f0 JavaThread "JNA Cleaner"                daemon [_thread_blocked, id=6532, stack(0x0000005ceae00000,0x0000005ceaf00000) (1024K)]
  0x0000025b6996c8e0 JavaThread "Worker-4"                          [_thread_blocked, id=3244, stack(0x0000005ceb600000,0x0000005ceb700000) (1024K)]
  0x0000025b6996cf70 JavaThread "Thread-2"                   daemon [_thread_in_native, id=12432, stack(0x0000005ceb700000,0x0000005ceb800000) (1024K)]
  0x0000025b69969af0 JavaThread "Thread-3"                   daemon [_thread_in_native, id=1748, stack(0x0000005ceb800000,0x0000005ceb900000) (1024K)]
  0x0000025b6996d600 JavaThread "Thread-4"                   daemon [_thread_in_native, id=16124, stack(0x0000005ceb900000,0x0000005ceba00000) (1024K)]
  0x0000025b69968740 JavaThread "Thread-5"                   daemon [_thread_in_native, id=14520, stack(0x0000005ceba00000,0x0000005cebb00000) (1024K)]
  0x0000025b699680b0 JavaThread "Thread-6"                   daemon [_thread_in_native, id=19188, stack(0x0000005cebb00000,0x0000005cebc00000) (1024K)]
  0x0000025b69968dd0 JavaThread "pool-2-thread-1"                   [_thread_blocked, id=13228, stack(0x0000005cebc00000,0x0000005cebd00000) (1024K)]
  0x0000025b6996dc90 JavaThread "Worker-5"                          [_thread_blocked, id=17520, stack(0x0000005cebd00000,0x0000005cebe00000) (1024K)]
Total: 32

Other Threads:
  0x0000025b4d2be3c0 VMThread "VM Thread"                           [id=6152, stack(0x0000005ce9900000,0x0000005ce9a00000) (1024K)] _threads_hazard_ptr=0x0000025b6b1154c0
  0x0000025b4d4b5350 WatcherThread "VM Periodic Task Thread"        [id=5572, stack(0x0000005ce9800000,0x0000005ce9900000) (1024K)]
  0x0000025b4d40d420 WorkerThread "GC Thread#0"                     [id=5996, stack(0x0000005ce9700000,0x0000005ce9800000) (1024K)]
  0x0000025b69469060 WorkerThread "GC Thread#1"                     [id=2268, stack(0x0000005cea500000,0x0000005cea600000) (1024K)]
  0x0000025b6925e260 WorkerThread "GC Thread#2"                     [id=16352, stack(0x0000005cea600000,0x0000005cea700000) (1024K)]
  0x0000025b6925e600 WorkerThread "GC Thread#3"                     [id=16044, stack(0x0000005cea700000,0x0000005cea800000) (1024K)]
Total: 6

Threads with active compile tasks:
C2 CompilerThread0  21769 5181       4       org.eclipse.osgi.internal.serviceregistry.ServiceRegistry::notifyHooksPrivileged (57 bytes)
Total: 1

VM state: not at safepoint (normal execution)

VM Mutex/Monitor currently owned by a thread: None

Heap address: 0x0000000080000000, size: 2048 MB, Compressed Oops mode: 32-bit

CDS archive(s) mapped at: [0x0000025b00000000-0x0000025b00ba0000-0x0000025b00ba0000), size 12189696, SharedBaseAddress: 0x0000025b00000000, ArchiveRelocationMode: 1.
Compressed class space mapped at: 0x0000025b01000000-0x0000025b41000000, reserved size: 1073741824
Narrow klass base: 0x0000025b00000000, Narrow klass shift: 0, Narrow klass range: 0x100000000

GC Precious Log:
 CardTable entry size: 512
 CPUs: 4 total, 4 available
 Memory: 8056M
 Large Page Support: Disabled
 NUMA Support: Disabled
 Compressed Oops: Enabled (32-bit)
 Alignments: Space 512K, Generation 512K, Heap 2M
 Heap Min Capacity: 100M
 Heap Initial Capacity: 100M
 Heap Max Capacity: 2G
 Pre-touch: Disabled
 Parallel Workers: 4

Heap:
 PSYoungGen      total 23040K, used 18404K [0x00000000d5580000, 0x00000000d7100000, 0x0000000100000000)
  eden space 22016K, 79% used [0x00000000d5580000,0x00000000d667dfb0,0x00000000d6b00000)
  from space 1024K, 98% used [0x00000000d6f80000,0x00000000d707b438,0x00000000d7080000)
  to   space 512K, 0% used [0x00000000d7080000,0x00000000d7080000,0x00000000d7100000)
 ParOldGen       total 68608K, used 17660K [0x0000000080000000, 0x0000000084300000, 0x00000000d5580000)
  object space 68608K, 25% used [0x0000000080000000,0x000000008113f208,0x0000000084300000)
 Metaspace       used 39954K, committed 41088K, reserved 1114112K
  class space    used 4249K, committed 4736K, reserved 1048576K

Card table byte_map: [0x0000025b4cda0000,0x0000025b4d1b0000] _byte_map_base: 0x0000025b4c9a0000

Marking Bits: (ParMarkBitMap*) 0x00007ffc80c231f0
 Begin Bits: [0x0000025b5f8a0000, 0x0000025b618a0000)
 End Bits:   [0x0000025b618a0000, 0x0000025b638a0000)

Polling page: 0x0000025b4b180000

Metaspace:

Usage:
  Non-class:     34.87 MB used.
      Class:      4.15 MB used.
       Both:     39.02 MB used.

Virtual space:
  Non-class space:       64.00 MB reserved,      35.50 MB ( 55%) committed,  1 nodes.
      Class space:        1.00 GB reserved,       4.62 MB ( <1%) committed,  1 nodes.
             Both:        1.06 GB reserved,      40.12 MB (  4%) committed. 

Chunk freelists:
   Non-Class:  12.42 MB
       Class:  11.34 MB
        Both:  23.77 MB

MaxMetaspaceSize: unlimited
CompressedClassSpaceSize: 1.00 GB
Initial GC threshold: 21.00 MB
Current GC threshold: 58.38 MB
CDS: on
 - commit_granule_bytes: 65536.
 - commit_granule_words: 8192.
 - virtual_space_node_default_size: 8388608.
 - enlarge_chunks_in_place: 1.
 - use_allocation_guard: 0.


Internal statistics:

num_allocs_failed_limit: 6.
num_arena_births: 742.
num_arena_deaths: 14.
num_vsnodes_births: 2.
num_vsnodes_deaths: 0.
num_space_committed: 642.
num_space_uncommitted: 0.
num_chunks_returned_to_freelist: 20.
num_chunks_taken_from_freelist: 2425.
num_chunk_merges: 10.
num_chunk_splits: 1550.
num_chunks_enlarged: 962.
num_inconsistent_stats: 0.

CodeHeap 'non-profiled nmethods': size=120000Kb used=2347Kb max_used=2437Kb free=117652Kb
 bounds [0x0000025b580c0000, 0x0000025b58340000, 0x0000025b5f5f0000]
CodeHeap 'profiled nmethods': size=120000Kb used=9872Kb max_used=10324Kb free=110127Kb
 bounds [0x0000025b505f0000, 0x0000025b51010000, 0x0000025b57b20000]
CodeHeap 'non-nmethods': size=5760Kb used=1349Kb max_used=1409Kb free=4411Kb
 bounds [0x0000025b57b20000, 0x0000025b57d90000, 0x0000025b580c0000]
 total_blobs=5431 nmethods=4785 adapters=552
 compilation: enabled
              stopped_count=0, restarted_count=0
 full_count=0

Compilation events (20 events):
Event: 21.581 Thread 0x0000025b4d357a50 5304       3       sun.reflect.generics.factory.CoreReflectionFactory::<init> (15 bytes)
Event: 21.581 Thread 0x0000025b4d357a50 nmethod 5304 0x0000025b50686f10 code [0x0000025b506870c0, 0x0000025b50687258]
Event: 21.581 Thread 0x0000025b4d357a50 5301       3       java.lang.reflect.AccessibleObject::setAccessible0 (7 bytes)
Event: 21.581 Thread 0x0000025b4d357a50 nmethod 5301 0x0000025b50686b90 code [0x0000025b50686d20, 0x0000025b50686e38]
Event: 21.581 Thread 0x0000025b4d357a50 5306       1       java.lang.reflect.Method::getGenericSignature (5 bytes)
Event: 21.581 Thread 0x0000025b4d357a50 nmethod 5306 0x0000025b58125610 code [0x0000025b581257a0, 0x0000025b58125868]
Event: 21.592 Thread 0x0000025b4d357a50 5307       1       sun.reflect.generics.repository.AbstractRepository::getTree (5 bytes)
Event: 21.592 Thread 0x0000025b4d357a50 nmethod 5307 0x0000025b58125310 code [0x0000025b581254a0, 0x0000025b58125568]
Event: 21.602 Thread 0x0000025b4d357a50 5308       3       sun.reflect.generics.visitor.Reifier::make (9 bytes)
Event: 21.602 Thread 0x0000025b4d357a50 nmethod 5308 0x0000025b50686690 code [0x0000025b50686840, 0x0000025b50686a68]
Event: 21.602 Thread 0x0000025b4d357a50 5309       3       sun.reflect.generics.visitor.Reifier::<init> (10 bytes)
Event: 21.603 Thread 0x0000025b4d357a50 nmethod 5309 0x0000025b50686290 code [0x0000025b50686440, 0x0000025b506865c8]
Event: 21.611 Thread 0x0000025b4d357a50 5310       3       sun.reflect.generics.repository.AbstractRepository::getReifier (8 bytes)
Event: 21.611 Thread 0x0000025b4d357a50 nmethod 5310 0x0000025b50685d10 code [0x0000025b50685ec0, 0x0000025b50686170]
Event: 21.617 Thread 0x0000025b4d357a50 5311       3       java.lang.reflect.Executable::getGenericParameterTypes (20 bytes)
Event: 21.618 Thread 0x0000025b4d357a50 nmethod 5311 0x0000025b50685290 code [0x0000025b506854a0, 0x0000025b50685b98]
Event: 21.619 Thread 0x0000025b4d357a50 5312       3       sun.reflect.generics.parser.SignatureParser::parseTypeArgument (135 bytes)
Event: 21.620 Thread 0x0000025b4d357a50 nmethod 5312 0x0000025b50610910 code [0x0000025b50610c20, 0x0000025b50612078]
Event: 21.620 Thread 0x0000025b4d357a50 5313       3       sun.reflect.generics.repository.ClassRepository::getSuperclass (21 bytes)
Event: 21.621 Thread 0x0000025b4d357a50 nmethod 5313 0x0000025b50684690 code [0x0000025b50684880, 0x0000025b50684fb0]

GC Heap History (20 events):
Event: 10.367 GC heap before
{Heap before GC invocations=8 (full 0):
 PSYoungGen      total 28160K, used 4335K [0x00000000d5580000, 0x00000000d7600000, 0x0000000100000000)
  eden space 24064K, 1% used [0x00000000d5580000,0x00000000d55f3de8,0x00000000d6d00000)
  from space 4096K, 94% used [0x00000000d6f00000,0x00000000d72c8208,0x00000000d7300000)
  to   space 3072K, 0% used [0x00000000d7300000,0x00000000d7300000,0x00000000d7600000)
 ParOldGen       total 68608K, used 9380K [0x0000000080000000, 0x0000000084300000, 0x00000000d5580000)
  object space 68608K, 13% used [0x0000000080000000,0x0000000080929090,0x0000000084300000)
 Metaspace       used 20774K, committed 21504K, reserved 1114112K
  class space    used 2086K, committed 2432K, reserved 1048576K
}
Event: 10.371 GC heap after
{Heap after GC invocations=8 (full 0):
 PSYoungGen      total 27136K, used 2926K [0x00000000d5580000, 0x00000000d7600000, 0x0000000100000000)
  eden space 24064K, 0% used [0x00000000d5580000,0x00000000d5580000,0x00000000d6d00000)
  from space 3072K, 95% used [0x00000000d7300000,0x00000000d75dbbb8,0x00000000d7600000)
  to   space 3584K, 0% used [0x00000000d6f00000,0x00000000d6f00000,0x00000000d7280000)
 ParOldGen       total 68608K, used 10375K [0x0000000080000000, 0x0000000084300000, 0x00000000d5580000)
  object space 68608K, 15% used [0x0000000080000000,0x0000000080a21d98,0x0000000084300000)
 Metaspace       used 20774K, committed 21504K, reserved 1114112K
  class space    used 2086K, committed 2432K, reserved 1048576K
}
Event: 10.371 GC heap before
{Heap before GC invocations=9 (full 1):
 PSYoungGen      total 27136K, used 2926K [0x00000000d5580000, 0x00000000d7600000, 0x0000000100000000)
  eden space 24064K, 0% used [0x00000000d5580000,0x00000000d5580000,0x00000000d6d00000)
  from space 3072K, 95% used [0x00000000d7300000,0x00000000d75dbbb8,0x00000000d7600000)
  to   space 3584K, 0% used [0x00000000d6f00000,0x00000000d6f00000,0x00000000d7280000)
 ParOldGen       total 68608K, used 10375K [0x0000000080000000, 0x0000000084300000, 0x00000000d5580000)
  object space 68608K, 15% used [0x0000000080000000,0x0000000080a21d98,0x0000000084300000)
 Metaspace       used 20774K, committed 21504K, reserved 1114112K
  class space    used 2086K, committed 2432K, reserved 1048576K
}
Event: 10.430 GC heap after
{Heap after GC invocations=9 (full 1):
 PSYoungGen      total 27136K, used 0K [0x00000000d5580000, 0x00000000d7600000, 0x0000000100000000)
  eden space 24064K, 0% used [0x00000000d5580000,0x00000000d5580000,0x00000000d6d00000)
  from space 3072K, 0% used [0x00000000d7300000,0x00000000d7300000,0x00000000d7600000)
  to   space 3584K, 0% used [0x00000000d6f00000,0x00000000d6f00000,0x00000000d7280000)
 ParOldGen       total 68608K, used 12409K [0x0000000080000000, 0x0000000084300000, 0x00000000d5580000)
  object space 68608K, 18% used [0x0000000080000000,0x0000000080c1e4f8,0x0000000084300000)
 Metaspace       used 20761K, committed 21504K, reserved 1114112K
  class space    used 2082K, committed 2432K, reserved 1048576K
}
Event: 11.491 GC heap before
{Heap before GC invocations=10 (full 1):
 PSYoungGen      total 27136K, used 23893K [0x00000000d5580000, 0x00000000d7600000, 0x0000000100000000)
  eden space 24064K, 99% used [0x00000000d5580000,0x00000000d6cd57d8,0x00000000d6d00000)
  from space 3072K, 0% used [0x00000000d7300000,0x00000000d7300000,0x00000000d7600000)
  to   space 3584K, 0% used [0x00000000d6f00000,0x00000000d6f00000,0x00000000d7280000)
 ParOldGen       total 68608K, used 12409K [0x0000000080000000, 0x0000000084300000, 0x00000000d5580000)
  object space 68608K, 18% used [0x0000000080000000,0x0000000080c1e4f8,0x0000000084300000)
 Metaspace       used 24394K, committed 25280K, reserved 1114112K
  class space    used 2388K, committed 2752K, reserved 1048576K
}
Event: 11.495 GC heap after
{Heap after GC invocations=10 (full 1):
 PSYoungGen      total 26112K, used 2177K [0x00000000d5580000, 0x00000000d7380000, 0x0000000100000000)
  eden space 23552K, 0% used [0x00000000d5580000,0x00000000d5580000,0x00000000d6c80000)
  from space 2560K, 85% used [0x00000000d6f00000,0x00000000d71204a0,0x00000000d7180000)
  to   space 2048K, 0% used [0x00000000d7180000,0x00000000d7180000,0x00000000d7380000)
 ParOldGen       total 68608K, used 12417K [0x0000000080000000, 0x0000000084300000, 0x00000000d5580000)
  object space 68608K, 18% used [0x0000000080000000,0x0000000080c204f8,0x0000000084300000)
 Metaspace       used 24394K, committed 25280K, reserved 1114112K
  class space    used 2388K, committed 2752K, reserved 1048576K
}
Event: 14.053 GC heap before
{Heap before GC invocations=11 (full 1):
 PSYoungGen      total 26112K, used 25729K [0x00000000d5580000, 0x00000000d7380000, 0x0000000100000000)
  eden space 23552K, 100% used [0x00000000d5580000,0x00000000d6c80000,0x00000000d6c80000)
  from space 2560K, 85% used [0x00000000d6f00000,0x00000000d71204a0,0x00000000d7180000)
  to   space 2048K, 0% used [0x00000000d7180000,0x00000000d7180000,0x00000000d7380000)
 ParOldGen       total 68608K, used 12417K [0x0000000080000000, 0x0000000084300000, 0x00000000d5580000)
  object space 68608K, 18% used [0x0000000080000000,0x0000000080c204f8,0x0000000084300000)
 Metaspace       used 26716K, committed 27520K, reserved 1114112K
  class space    used 2618K, committed 2944K, reserved 1048576K
}
Event: 14.057 GC heap after
{Heap after GC invocations=11 (full 1):
 PSYoungGen      total 25088K, used 1563K [0x00000000d5580000, 0x00000000d7380000, 0x0000000100000000)
  eden space 23040K, 0% used [0x00000000d5580000,0x00000000d5580000,0x00000000d6c00000)
  from space 2048K, 76% used [0x00000000d7180000,0x00000000d7306da0,0x00000000d7380000)
  to   space 2048K, 0% used [0x00000000d6f80000,0x00000000d6f80000,0x00000000d7180000)
 ParOldGen       total 68608K, used 13198K [0x0000000080000000, 0x0000000084300000, 0x00000000d5580000)
  object space 68608K, 19% used [0x0000000080000000,0x0000000080ce3a08,0x0000000084300000)
 Metaspace       used 26716K, committed 27520K, reserved 1114112K
  class space    used 2618K, committed 2944K, reserved 1048576K
}
Event: 14.746 GC heap before
{Heap before GC invocations=12 (full 1):
 PSYoungGen      total 25088K, used 24603K [0x00000000d5580000, 0x00000000d7380000, 0x0000000100000000)
  eden space 23040K, 100% used [0x00000000d5580000,0x00000000d6c00000,0x00000000d6c00000)
  from space 2048K, 76% used [0x00000000d7180000,0x00000000d7306da0,0x00000000d7380000)
  to   space 2048K, 0% used [0x00000000d6f80000,0x00000000d6f80000,0x00000000d7180000)
 ParOldGen       total 68608K, used 13198K [0x0000000080000000, 0x0000000084300000, 0x00000000d5580000)
  object space 68608K, 19% used [0x0000000080000000,0x0000000080ce3a08,0x0000000084300000)
 Metaspace       used 28190K, committed 29056K, reserved 1114112K
  class space    used 2808K, committed 3200K, reserved 1048576K
}
Event: 14.752 GC heap after
{Heap after GC invocations=12 (full 1):
 PSYoungGen      total 24064K, used 1052K [0x00000000d5580000, 0x00000000d7200000, 0x0000000100000000)
  eden space 22528K, 0% used [0x00000000d5580000,0x00000000d5580000,0x00000000d6b80000)
  from space 1536K, 68% used [0x00000000d6f80000,0x00000000d70870c0,0x00000000d7100000)
  to   space 1024K, 0% used [0x00000000d7100000,0x00000000d7100000,0x00000000d7200000)
 ParOldGen       total 68608K, used 14578K [0x0000000080000000, 0x0000000084300000, 0x00000000d5580000)
  object space 68608K, 21% used [0x0000000080000000,0x0000000080e3c818,0x0000000084300000)
 Metaspace       used 28190K, committed 29056K, reserved 1114112K
  class space    used 2808K, committed 3200K, reserved 1048576K
}
Event: 15.802 GC heap before
{Heap before GC invocations=13 (full 1):
 PSYoungGen      total 24064K, used 23580K [0x00000000d5580000, 0x00000000d7200000, 0x0000000100000000)
  eden space 22528K, 100% used [0x00000000d5580000,0x00000000d6b80000,0x00000000d6b80000)
  from space 1536K, 68% used [0x00000000d6f80000,0x00000000d70870c0,0x00000000d7100000)
  to   space 1024K, 0% used [0x00000000d7100000,0x00000000d7100000,0x00000000d7200000)
 ParOldGen       total 68608K, used 14578K [0x0000000080000000, 0x0000000084300000, 0x00000000d5580000)
  object space 68608K, 21% used [0x0000000080000000,0x0000000080e3c818,0x0000000084300000)
 Metaspace       used 31084K, committed 31936K, reserved 1114112K
  class space    used 3119K, committed 3456K, reserved 1048576K
}
Event: 15.807 GC heap after
{Heap after GC invocations=13 (full 1):
 PSYoungGen      total 23040K, used 1002K [0x00000000d5580000, 0x00000000d7200000, 0x0000000100000000)
  eden space 22016K, 0% used [0x00000000d5580000,0x00000000d5580000,0x00000000d6b00000)
  from space 1024K, 97% used [0x00000000d7100000,0x00000000d71fa8e0,0x00000000d7200000)
  to   space 1536K, 0% used [0x00000000d6f00000,0x00000000d6f00000,0x00000000d7080000)
 ParOldGen       total 68608K, used 15442K [0x0000000080000000, 0x0000000084300000, 0x00000000d5580000)
  object space 68608K, 22% used [0x0000000080000000,0x0000000080f148b0,0x0000000084300000)
 Metaspace       used 31084K, committed 31936K, reserved 1114112K
  class space    used 3119K, committed 3456K, reserved 1048576K
}
Event: 18.204 GC heap before
{Heap before GC invocations=14 (full 1):
 PSYoungGen      total 23040K, used 23018K [0x00000000d5580000, 0x00000000d7200000, 0x0000000100000000)
  eden space 22016K, 100% used [0x00000000d5580000,0x00000000d6b00000,0x00000000d6b00000)
  from space 1024K, 97% used [0x00000000d7100000,0x00000000d71fa8e0,0x00000000d7200000)
  to   space 1536K, 0% used [0x00000000d6f00000,0x00000000d6f00000,0x00000000d7080000)
 ParOldGen       total 68608K, used 15442K [0x0000000080000000, 0x0000000084300000, 0x00000000d5580000)
  object space 68608K, 22% used [0x0000000080000000,0x0000000080f148b0,0x0000000084300000)
 Metaspace       used 33542K, committed 34496K, reserved 1114112K
  class space    used 3428K, committed 3840K, reserved 1048576K
}
Event: 18.212 GC heap after
{Heap after GC invocations=14 (full 1):
 PSYoungGen      total 23552K, used 800K [0x00000000d5580000, 0x00000000d7180000, 0x0000000100000000)
  eden space 22016K, 0% used [0x00000000d5580000,0x00000000d5580000,0x00000000d6b00000)
  from space 1536K, 52% used [0x00000000d6f00000,0x00000000d6fc8000,0x00000000d7080000)
  to   space 1024K, 0% used [0x00000000d7080000,0x00000000d7080000,0x00000000d7180000)
 ParOldGen       total 68608K, used 16217K [0x0000000080000000, 0x0000000084300000, 0x00000000d5580000)
  object space 68608K, 23% used [0x0000000080000000,0x0000000080fd6420,0x0000000084300000)
 Metaspace       used 33542K, committed 34496K, reserved 1114112K
  class space    used 3428K, committed 3840K, reserved 1048576K
}
Event: 19.112 GC heap before
{Heap before GC invocations=15 (full 1):
 PSYoungGen      total 23552K, used 13862K [0x00000000d5580000, 0x00000000d7180000, 0x0000000100000000)
  eden space 22016K, 59% used [0x00000000d5580000,0x00000000d6241be8,0x00000000d6b00000)
  from space 1536K, 52% used [0x00000000d6f00000,0x00000000d6fc8000,0x00000000d7080000)
  to   space 1024K, 0% used [0x00000000d7080000,0x00000000d7080000,0x00000000d7180000)
 ParOldGen       total 68608K, used 16217K [0x0000000080000000, 0x0000000084300000, 0x00000000d5580000)
  object space 68608K, 23% used [0x0000000080000000,0x0000000080fd6420,0x0000000084300000)
 Metaspace       used 34961K, committed 35840K, reserved 1114112K
  class space    used 3606K, committed 3968K, reserved 1048576K
}
Event: 19.116 GC heap after
{Heap after GC invocations=15 (full 1):
 PSYoungGen      total 23040K, used 768K [0x00000000d5580000, 0x00000000d7180000, 0x0000000100000000)
  eden space 22016K, 0% used [0x00000000d5580000,0x00000000d5580000,0x00000000d6b00000)
  from space 1024K, 75% used [0x00000000d7080000,0x00000000d7140000,0x00000000d7180000)
  to   space 1024K, 0% used [0x00000000d6f80000,0x00000000d6f80000,0x00000000d7080000)
 ParOldGen       total 68608K, used 16895K [0x0000000080000000, 0x0000000084300000, 0x00000000d5580000)
  object space 68608K, 24% used [0x0000000080000000,0x000000008107fda8,0x0000000084300000)
 Metaspace       used 34961K, committed 35840K, reserved 1114112K
  class space    used 3606K, committed 3968K, reserved 1048576K
}
Event: 19.116 GC heap before
{Heap before GC invocations=16 (full 2):
 PSYoungGen      total 23040K, used 768K [0x00000000d5580000, 0x00000000d7180000, 0x0000000100000000)
  eden space 22016K, 0% used [0x00000000d5580000,0x00000000d5580000,0x00000000d6b00000)
  from space 1024K, 75% used [0x00000000d7080000,0x00000000d7140000,0x00000000d7180000)
  to   space 1024K, 0% used [0x00000000d6f80000,0x00000000d6f80000,0x00000000d7080000)
 ParOldGen       total 68608K, used 16895K [0x0000000080000000, 0x0000000084300000, 0x00000000d5580000)
  object space 68608K, 24% used [0x0000000080000000,0x000000008107fda8,0x0000000084300000)
 Metaspace       used 34961K, committed 35840K, reserved 1114112K
  class space    used 3606K, committed 3968K, reserved 1048576K
}
Event: 19.188 GC heap after
{Heap after GC invocations=16 (full 2):
 PSYoungGen      total 23040K, used 0K [0x00000000d5580000, 0x00000000d7180000, 0x0000000100000000)
  eden space 22016K, 0% used [0x00000000d5580000,0x00000000d5580000,0x00000000d6b00000)
  from space 1024K, 0% used [0x00000000d7080000,0x00000000d7080000,0x00000000d7180000)
  to   space 1024K, 0% used [0x00000000d6f80000,0x00000000d6f80000,0x00000000d7080000)
 ParOldGen       total 68608K, used 16800K [0x0000000080000000, 0x0000000084300000, 0x00000000d5580000)
  object space 68608K, 24% used [0x0000000080000000,0x00000000810681d8,0x0000000084300000)
 Metaspace       used 34961K, committed 35840K, reserved 1114112K
  class space    used 3606K, committed 3968K, reserved 1048576K
}
Event: 21.283 GC heap before
{Heap before GC invocations=17 (full 2):
 PSYoungGen      total 23040K, used 22015K [0x00000000d5580000, 0x00000000d7180000, 0x0000000100000000)
  eden space 22016K, 99% used [0x00000000d5580000,0x00000000d6afffe0,0x00000000d6b00000)
  from space 1024K, 0% used [0x00000000d7080000,0x00000000d7080000,0x00000000d7180000)
  to   space 1024K, 0% used [0x00000000d6f80000,0x00000000d6f80000,0x00000000d7080000)
 ParOldGen       total 68608K, used 16800K [0x0000000080000000, 0x0000000084300000, 0x00000000d5580000)
  object space 68608K, 24% used [0x0000000080000000,0x00000000810681d8,0x0000000084300000)
 Metaspace       used 37743K, committed 38720K, reserved 1114112K
  class space    used 3964K, committed 4352K, reserved 1048576K
}
Event: 21.287 GC heap after
{Heap after GC invocations=17 (full 2):
 PSYoungGen      total 23040K, used 1005K [0x00000000d5580000, 0x00000000d7100000, 0x0000000100000000)
  eden space 22016K, 0% used [0x00000000d5580000,0x00000000d5580000,0x00000000d6b00000)
  from space 1024K, 98% used [0x00000000d6f80000,0x00000000d707b438,0x00000000d7080000)
  to   space 512K, 0% used [0x00000000d7080000,0x00000000d7080000,0x00000000d7100000)
 ParOldGen       total 68608K, used 17660K [0x0000000080000000, 0x0000000084300000, 0x00000000d5580000)
  object space 68608K, 25% used [0x0000000080000000,0x000000008113f208,0x0000000084300000)
 Metaspace       used 37743K, committed 38720K, reserved 1114112K
  class space    used 3964K, committed 4352K, reserved 1048576K
}

Dll operation events (12 events):
Event: 0.025 Loaded shared library c:\Users\Lenovo\.vscode\extensions\redhat.java-1.43.1-win32-x64\jre\21.0.7-win32-x86_64\bin\java.dll
Event: 0.522 Loaded shared library c:\Users\Lenovo\.vscode\extensions\redhat.java-1.43.1-win32-x64\jre\21.0.7-win32-x86_64\bin\zip.dll
Event: 0.628 Loaded shared library C:\Users\Lenovo\.vscode\extensions\redhat.java-1.43.1-win32-x64\jre\21.0.7-win32-x86_64\bin\instrument.dll
Event: 0.638 Loaded shared library C:\Users\Lenovo\.vscode\extensions\redhat.java-1.43.1-win32-x64\jre\21.0.7-win32-x86_64\bin\net.dll
Event: 0.641 Loaded shared library C:\Users\Lenovo\.vscode\extensions\redhat.java-1.43.1-win32-x64\jre\21.0.7-win32-x86_64\bin\nio.dll
Event: 0.709 Loaded shared library C:\Users\Lenovo\.vscode\extensions\redhat.java-1.43.1-win32-x64\jre\21.0.7-win32-x86_64\bin\zip.dll
Event: 0.756 Loaded shared library C:\Users\Lenovo\.vscode\extensions\redhat.java-1.43.1-win32-x64\jre\21.0.7-win32-x86_64\bin\jimage.dll
Event: 1.211 Loaded shared library c:\Users\Lenovo\.vscode\extensions\redhat.java-1.43.1-win32-x64\jre\21.0.7-win32-x86_64\bin\verify.dll
Event: 5.612 Loaded shared library C:\Users\Lenovo\AppData\Roaming\Code\User\globalStorage\redhat.java\1.43.1\config_win\org.eclipse.equinox.launcher\org.eclipse.equinox.launcher.win32.win32.x86_64_1.2.1300.v20250331-1702\eclipse_11911.dll
Event: 7.710 Loaded shared library C:\Users\Lenovo\.vscode\extensions\redhat.java-1.43.1-win32-x64\jre\21.0.7-win32-x86_64\bin\management.dll
Event: 7.728 Loaded shared library C:\Users\Lenovo\.vscode\extensions\redhat.java-1.43.1-win32-x64\jre\21.0.7-win32-x86_64\bin\management_ext.dll
Event: 19.732 Loaded shared library C:\Users\Lenovo\AppData\Local\Temp\jna--2022488749\jna884541260515427522.dll

Deoptimization events (20 events):
Event: 21.494 Thread 0x0000025b69969af0 Uncommon trap: trap_request=0xffffffc6 fr.pc=0x0000025b583004cc relative=0x000000000000024c
Event: 21.494 Thread 0x0000025b69969af0 Uncommon trap: reason=bimorphic_or_optimized_type_check action=maybe_recompile pc=0x0000025b583004cc method=java.lang.ThreadLocal.set(Ljava/lang/Thread;Ljava/lang/Object;)V @ 2 c2
Event: 21.494 Thread 0x0000025b69969af0 DEOPT PACKING pc=0x0000025b583004cc sp=0x0000005ceb8ff070
Event: 21.494 Thread 0x0000025b69969af0 DEOPT UNPACKING pc=0x0000025b57b73aa2 sp=0x0000005ceb8fefb0 mode 2
Event: 21.495 Thread 0x0000025b6996d600 Uncommon trap: trap_request=0xffffffc6 fr.pc=0x0000025b583004cc relative=0x000000000000024c
Event: 21.495 Thread 0x0000025b6996d600 Uncommon trap: reason=bimorphic_or_optimized_type_check action=maybe_recompile pc=0x0000025b583004cc method=java.lang.ThreadLocal.set(Ljava/lang/Thread;Ljava/lang/Object;)V @ 2 c2
Event: 21.495 Thread 0x0000025b6996d600 DEOPT PACKING pc=0x0000025b583004cc sp=0x0000005ceb9feec0
Event: 21.495 Thread 0x0000025b6996d600 DEOPT UNPACKING pc=0x0000025b57b73aa2 sp=0x0000005ceb9fee00 mode 2
Event: 21.495 Thread 0x0000025b69968740 Uncommon trap: trap_request=0xffffffc6 fr.pc=0x0000025b583004cc relative=0x000000000000024c
Event: 21.495 Thread 0x0000025b69968740 Uncommon trap: reason=bimorphic_or_optimized_type_check action=maybe_recompile pc=0x0000025b583004cc method=java.lang.ThreadLocal.set(Ljava/lang/Thread;Ljava/lang/Object;)V @ 2 c2
Event: 21.495 Thread 0x0000025b69968740 DEOPT PACKING pc=0x0000025b583004cc sp=0x0000005cebaff4b0
Event: 21.495 Thread 0x0000025b69968740 DEOPT UNPACKING pc=0x0000025b57b73aa2 sp=0x0000005cebaff3f0 mode 2
Event: 21.495 Thread 0x0000025b699680b0 Uncommon trap: trap_request=0xffffffc6 fr.pc=0x0000025b583004cc relative=0x000000000000024c
Event: 21.495 Thread 0x0000025b699680b0 Uncommon trap: reason=bimorphic_or_optimized_type_check action=maybe_recompile pc=0x0000025b583004cc method=java.lang.ThreadLocal.set(Ljava/lang/Thread;Ljava/lang/Object;)V @ 2 c2
Event: 21.495 Thread 0x0000025b699680b0 DEOPT PACKING pc=0x0000025b583004cc sp=0x0000005cebbff370
Event: 21.495 Thread 0x0000025b699680b0 DEOPT UNPACKING pc=0x0000025b57b73aa2 sp=0x0000005cebbff2b0 mode 2
Event: 21.553 Thread 0x0000025b4d3f0400 DEOPT PACKING pc=0x0000025b5088a33c sp=0x0000005ce96fa410
Event: 21.553 Thread 0x0000025b4d3f0400 DEOPT UNPACKING pc=0x0000025b57b74242 sp=0x0000005ce96f9930 mode 0
Event: 21.615 Thread 0x0000025b4d3f0400 DEOPT PACKING pc=0x0000025b5088a33c sp=0x0000005ce96f8940
Event: 21.615 Thread 0x0000025b4d3f0400 DEOPT UNPACKING pc=0x0000025b57b74242 sp=0x0000005ce96f7e60 mode 0

Classes loaded (20 events):
Event: 21.461 Loading class sun/nio/ch/AsynchronousChannelGroupImpl$2 done
Event: 21.462 Loading class sun/nio/ch/AsynchronousChannelGroupImpl$1
Event: 21.462 Loading class sun/nio/ch/AsynchronousChannelGroupImpl$1 done
Event: 21.463 Loading class sun/nio/ch/PendingIoCache
Event: 21.463 Loading class sun/nio/ch/PendingIoCache done
Event: 21.473 Loading class sun/nio/ch/Invoker
Event: 21.473 Loading class sun/nio/ch/Invoker done
Event: 21.473 Loading class sun/nio/ch/Invoker$1
Event: 21.474 Loading class sun/nio/ch/Invoker$1 done
Event: 21.494 Loading class sun/nio/ch/Invoker$GroupAndInvokeCount
Event: 21.494 Loading class sun/nio/ch/Invoker$GroupAndInvokeCount done
Event: 21.505 Loading class java/util/concurrent/CompletableFuture
Event: 21.506 Loading class java/util/concurrent/CompletableFuture done
Event: 21.529 Loading class jdk/internal/vm/annotation/IntrinsicCandidate
Event: 21.529 Loading class jdk/internal/vm/annotation/IntrinsicCandidate done
Event: 21.554 Loading class sun/security/ssl/SSLContextImpl$CustomizedTLSContext
Event: 21.640 Loading class sun/reflect/generics/tree/BooleanSignature
Event: 21.640 Loading class sun/reflect/generics/tree/BooleanSignature done
Event: 21.640 Loading class sun/reflect/generics/tree/ArrayTypeSignature
Event: 21.640 Loading class sun/reflect/generics/tree/ArrayTypeSignature done

Classes unloaded (7 events):
Event: 10.379 Thread 0x0000025b4d2be3c0 Unloading class 0x0000025b011a4800 'java/lang/invoke/LambdaForm$MH+0x0000025b011a4800'
Event: 10.380 Thread 0x0000025b4d2be3c0 Unloading class 0x0000025b011a4400 'java/lang/invoke/LambdaForm$MH+0x0000025b011a4400'
Event: 10.380 Thread 0x0000025b4d2be3c0 Unloading class 0x0000025b011a4000 'java/lang/invoke/LambdaForm$MH+0x0000025b011a4000'
Event: 10.380 Thread 0x0000025b4d2be3c0 Unloading class 0x0000025b011a3c00 'java/lang/invoke/LambdaForm$MH+0x0000025b011a3c00'
Event: 10.380 Thread 0x0000025b4d2be3c0 Unloading class 0x0000025b011a3800 'java/lang/invoke/LambdaForm$BMH+0x0000025b011a3800'
Event: 10.380 Thread 0x0000025b4d2be3c0 Unloading class 0x0000025b011a3400 'java/lang/invoke/LambdaForm$DMH+0x0000025b011a3400'
Event: 10.380 Thread 0x0000025b4d2be3c0 Unloading class 0x0000025b011a2000 'java/lang/invoke/LambdaForm$DMH+0x0000025b011a2000'

Classes redefined (0 events):
No events

Internal exceptions (20 events):
Event: 19.265 Thread 0x0000025b698fcc00 Exception <a 'java/lang/NoSuchMethodError'{0x00000000d57b2008}: 'void java.lang.invoke.DirectMethodHandle$Holder.invokeStaticInit(java.lang.Object, java.lang.Object, java.lang.Object)'> (0x00000000d57b2008) 
thrown [s\src\hotspot\share\interpreter\linkResolver.cpp, line 773]
Event: 19.276 Thread 0x0000025b698fcc00 Exception <a 'java/lang/ExceptionInInitializerError'{0x00000000d57f16f8}> (0x00000000d57f16f8) 
thrown [s\src\hotspot\share\oops\instanceKlass.cpp, line 1220]
Event: 19.445 Thread 0x0000025b698fcc00 Implicit null exception at 0x0000025b582fcd17 to 0x0000025b582fcf98
Event: 19.448 Thread 0x0000025b698fcc00 Exception <a 'java/lang/NoSuchMethodError'{0x00000000d596cbe0}: 'long java.lang.invoke.DirectMethodHandle$Holder.invokeStatic(java.lang.Object, java.lang.Object, int)'> (0x00000000d596cbe0) 
thrown [s\src\hotspot\share\interpreter\linkResolver.cpp, line 773]
Event: 19.456 Thread 0x0000025b698fcc00 Implicit null exception at 0x0000025b581f0880 to 0x0000025b581f0af4
Event: 19.456 Thread 0x0000025b698fcc00 Implicit null exception at 0x0000025b5816e420 to 0x0000025b5816f3a4
Event: 19.485 Thread 0x0000025b698fcc00 Exception <a 'java/lang/NoSuchMethodError'{0x00000000d59ac508}: 'java.lang.Object java.lang.invoke.Invokers$Holder.invokeExact_MT(java.lang.Object, int, java.lang.Object)'> (0x00000000d59ac508) 
thrown [s\src\hotspot\share\interpreter\linkResolver.cpp, line 773]
Event: 20.043 Thread 0x0000025b6983fc70 Exception <a 'java/lang/UnsatisfiedLinkError'{0x00000000d6041a18}: The specified procedure could not be found.
> (0x00000000d6041a18) 
thrown [s\src\hotspot\share\prims\jni.cpp, line 539]
Event: 20.055 Thread 0x0000025b6983fc70 Exception <a 'java/io/FileNotFoundException'{0x00000000d606a888}> (0x00000000d606a888) 
thrown [s\src\hotspot\share\prims\jni.cpp, line 520]
Event: 20.152 Thread 0x0000025b6983fc70 Exception <a 'java/io/FileNotFoundException'{0x00000000d619c080}> (0x00000000d619c080) 
thrown [s\src\hotspot\share\prims\jni.cpp, line 520]
Event: 20.214 Thread 0x0000025b6983fc70 Exception <a 'java/lang/NoSuchMethodError'{0x00000000d622b4b8}: 'void java.lang.invoke.DirectMethodHandle$Holder.invokeSpecial(java.lang.Object, java.lang.Object, java.lang.Object, int)'> (0x00000000d622b4b8) 
thrown [s\src\hotspot\share\interpreter\linkResolver.cpp, line 773]
Event: 20.215 Thread 0x0000025b6983fc70 Exception <a 'java/lang/NoSuchMethodError'{0x00000000d622eb88}: 'void java.lang.invoke.DelegatingMethodHandle$Holder.reinvoke_L(java.lang.Object, java.lang.Object, int)'> (0x00000000d622eb88) 
thrown [s\src\hotspot\share\interpreter\linkResolver.cpp, line 773]
Event: 20.215 Thread 0x0000025b6983fc70 Exception <a 'java/lang/NoSuchMethodError'{0x00000000d6235520}: 'int java.lang.invoke.Invokers$Holder.invokeExact_MT(java.lang.Object, java.lang.Object, java.lang.Object)'> (0x00000000d6235520) 
thrown [s\src\hotspot\share\interpreter\linkResolver.cpp, line 773]
Event: 20.224 Thread 0x0000025b6983fc70 Exception <a 'java/lang/UnsatisfiedLinkError'{0x00000000d6243b68}: The specified procedure could not be found.
> (0x00000000d6243b68) 
thrown [s\src\hotspot\share\prims\jni.cpp, line 539]
Event: 20.591 Thread 0x0000025b6983fc70 Exception <a 'java/lang/NoSuchMethodError'{0x00000000d6250810}: 'void java.lang.invoke.Invokers$Holder.invokeExact_MT(java.lang.Object, java.lang.Object, int, java.lang.Object)'> (0x00000000d6250810) 
thrown [s\src\hotspot\share\interpreter\linkResolver.cpp, line 773]
Event: 20.704 Thread 0x0000025b698fd290 Implicit null exception at 0x0000025b58294475 to 0x0000025b58294569
Event: 21.313 Thread 0x0000025b4d3f0400 Exception <a 'java/io/FileNotFoundException'{0x00000000d567a198}> (0x00000000d567a198) 
thrown [s\src\hotspot\share\prims\jni.cpp, line 520]
Event: 21.415 Thread 0x0000025b4d3f0400 Exception <a 'java/lang/NoSuchMethodError'{0x00000000d593d5c8}: 'java.lang.Object java.lang.invoke.DirectMethodHandle$Holder.invokeStatic(java.lang.Object, long, java.lang.Object)'> (0x00000000d593d5c8) 
thrown [s\src\hotspot\share\interpreter\linkResolver.cpp, line 773]
Event: 21.416 Thread 0x0000025b4d3f0400 Exception <a 'java/lang/NoSuchMethodError'{0x00000000d5940e90}: 'java.lang.Object java.lang.invoke.DirectMethodHandle$Holder.invokeStaticInit(java.lang.Object, long, java.lang.Object)'> (0x00000000d5940e90) 
thrown [s\src\hotspot\share\interpreter\linkResolver.cpp, line 773]
Event: 21.417 Thread 0x0000025b4d3f0400 Exception <a 'java/lang/NoSuchMethodError'{0x00000000d5946c70}: 'java.lang.Object java.lang.invoke.DirectMethodHandle$Holder.newInvokeSpecial(java.lang.Object, long)'> (0x00000000d5946c70) 
thrown [s\src\hotspot\share\interpreter\linkResolver.cpp, line 773]

ZGC Phase Switch (0 events):
No events

VM Operations (20 events):
Event: 17.556 Executing VM operation: HandshakeAllThreads (Deoptimize)
Event: 17.556 Executing VM operation: HandshakeAllThreads (Deoptimize) done
Event: 17.581 Executing VM operation: HandshakeAllThreads (Deoptimize)
Event: 17.581 Executing VM operation: HandshakeAllThreads (Deoptimize) done
Event: 18.204 Executing VM operation: ParallelGCFailedAllocation (Allocation Failure)
Event: 18.212 Executing VM operation: ParallelGCFailedAllocation (Allocation Failure) done
Event: 19.112 Executing VM operation: CollectForMetadataAllocation (Metadata GC Threshold)
Event: 19.188 Executing VM operation: CollectForMetadataAllocation (Metadata GC Threshold) done
Event: 19.634 Executing VM operation: HandshakeAllThreads (Deoptimize)
Event: 19.635 Executing VM operation: HandshakeAllThreads (Deoptimize) done
Event: 20.020 Executing VM operation: HandshakeAllThreads (Deoptimize)
Event: 20.020 Executing VM operation: HandshakeAllThreads (Deoptimize) done
Event: 20.062 Executing VM operation: HandshakeAllThreads (Deoptimize)
Event: 20.083 Executing VM operation: HandshakeAllThreads (Deoptimize) done
Event: 20.898 Executing VM operation: HandshakeAllThreads (Deoptimize)
Event: 21.115 Executing VM operation: HandshakeAllThreads (Deoptimize) done
Event: 21.115 Executing VM operation: Cleanup
Event: 21.161 Executing VM operation: Cleanup done
Event: 21.198 Executing VM operation: ParallelGCFailedAllocation (Allocation Failure)
Event: 21.288 Executing VM operation: ParallelGCFailedAllocation (Allocation Failure) done

Memory protections (0 events):
No events

Nmethod flushes (20 events):
Event: 19.150 Thread 0x0000025b4d2be3c0 flushing  nmethod 0x0000025b50c2b690
Event: 19.150 Thread 0x0000025b4d2be3c0 flushing  nmethod 0x0000025b50c2bf90
Event: 19.150 Thread 0x0000025b4d2be3c0 flushing  nmethod 0x0000025b50c2c410
Event: 19.150 Thread 0x0000025b4d2be3c0 flushing  nmethod 0x0000025b50c2cf90
Event: 19.150 Thread 0x0000025b4d2be3c0 flushing  nmethod 0x0000025b50c2e490
Event: 19.150 Thread 0x0000025b4d2be3c0 flushing  nmethod 0x0000025b50c2ea10
Event: 19.150 Thread 0x0000025b4d2be3c0 flushing  nmethod 0x0000025b50c2ed10
Event: 19.150 Thread 0x0000025b4d2be3c0 flushing  nmethod 0x0000025b50c2f890
Event: 19.150 Thread 0x0000025b4d2be3c0 flushing  nmethod 0x0000025b50c31190
Event: 19.150 Thread 0x0000025b4d2be3c0 flushing  nmethod 0x0000025b50c83a90
Event: 19.150 Thread 0x0000025b4d2be3c0 flushing  nmethod 0x0000025b50c8c210
Event: 19.150 Thread 0x0000025b4d2be3c0 flushing  nmethod 0x0000025b50c8f210
Event: 19.150 Thread 0x0000025b4d2be3c0 flushing  nmethod 0x0000025b50c94e10
Event: 19.150 Thread 0x0000025b4d2be3c0 flushing  nmethod 0x0000025b50c9c890
Event: 19.150 Thread 0x0000025b4d2be3c0 flushing  nmethod 0x0000025b50cbf410
Event: 19.150 Thread 0x0000025b4d2be3c0 flushing  nmethod 0x0000025b50ce7d10
Event: 19.150 Thread 0x0000025b4d2be3c0 flushing  nmethod 0x0000025b50d07110
Event: 19.150 Thread 0x0000025b4d2be3c0 flushing  nmethod 0x0000025b50d1b610
Event: 19.150 Thread 0x0000025b4d2be3c0 flushing  nmethod 0x0000025b50d3dd10
Event: 19.150 Thread 0x0000025b4d2be3c0 flushing  nmethod 0x0000025b50d76e10

Events (20 events):
Event: 9.059 Thread 0x0000025b4d357a50 Thread added: 0x0000025b69db1a50
Event: 9.539 Thread 0x0000025b69db1a50 Thread exited: 0x0000025b69db1a50
Event: 10.289 Thread 0x0000025b4d357a50 Thread added: 0x0000025b69db1a50
Event: 10.457 Thread 0x0000025b69db1a50 Thread exited: 0x0000025b69db1a50
Event: 10.956 Thread 0x0000025b698ff360 Thread added: 0x0000025b698fd290
Event: 11.369 Thread 0x0000025b698fd290 Thread added: 0x0000025b698fd920
Event: 11.649 Thread 0x0000025b4d357a50 Thread added: 0x0000025b6ae52d00
Event: 13.995 Thread 0x0000025b6ae52d00 Thread exited: 0x0000025b6ae52d00
Event: 14.134 Thread 0x0000025b4d357a50 Thread added: 0x0000025b6ae52d00
Event: 14.602 Thread 0x0000025b6983fc70 Thread added: 0x0000025b698fdfb0
Event: 15.082 Thread 0x0000025b69900080 Thread exited: 0x0000025b69900080
Event: 15.177 Thread 0x0000025b6ae52d00 Thread exited: 0x0000025b6ae52d00
Event: 20.032 Thread 0x0000025b6983fc70 Thread added: 0x0000025b698ff9f0
Event: 20.846 Thread 0x0000025b698fd920 Thread added: 0x0000025b6996c8e0
Event: 21.462 Thread 0x0000025b4d3f0400 Thread added: 0x0000025b6996cf70
Event: 21.462 Thread 0x0000025b4d3f0400 Thread added: 0x0000025b69969af0
Event: 21.462 Thread 0x0000025b4d3f0400 Thread added: 0x0000025b6996d600
Event: 21.462 Thread 0x0000025b4d3f0400 Thread added: 0x0000025b69968740
Event: 21.463 Thread 0x0000025b4d3f0400 Thread added: 0x0000025b699680b0
Event: 21.488 Thread 0x0000025b4d3f0400 Thread added: 0x0000025b69968dd0


Dynamic libraries:
0x00007ff6b2890000 - 0x00007ff6b289e000 	c:\Users\Lenovo\.vscode\extensions\redhat.java-1.43.1-win32-x64\jre\21.0.7-win32-x86_64\bin\java.exe
0x00007ffce3870000 - 0x00007ffce3a68000 	C:\WINDOWS\SYSTEM32\ntdll.dll
0x00007ffce1900000 - 0x00007ffce19c2000 	C:\WINDOWS\System32\KERNEL32.DLL
0x00007ffce13f0000 - 0x00007ffce16e6000 	C:\WINDOWS\System32\KERNELBASE.dll
0x00007ffce1100000 - 0x00007ffce1200000 	C:\WINDOWS\System32\ucrtbase.dll
0x00007ffcceae0000 - 0x00007ffcceaf8000 	c:\Users\Lenovo\.vscode\extensions\redhat.java-1.43.1-win32-x64\jre\21.0.7-win32-x86_64\bin\jli.dll
0x00007ffce3650000 - 0x00007ffce37ed000 	C:\WINDOWS\System32\USER32.dll
0x00007ffce1810000 - 0x00007ffce1832000 	C:\WINDOWS\System32\win32u.dll
0x00007ffce3800000 - 0x00007ffce382b000 	C:\WINDOWS\System32\GDI32.dll
0x00007ffce16f0000 - 0x00007ffce1808000 	C:\WINDOWS\System32\gdi32full.dll
0x00007ffce1060000 - 0x00007ffce10fd000 	C:\WINDOWS\System32\msvcp_win.dll
0x00007ffcce960000 - 0x00007ffcce97e000 	c:\Users\Lenovo\.vscode\extensions\redhat.java-1.43.1-win32-x64\jre\21.0.7-win32-x86_64\bin\VCRUNTIME140.dll
0x00007ffccc4a0000 - 0x00007ffccc73a000 	C:\WINDOWS\WinSxS\amd64_microsoft.windows.common-controls_6595b64144ccf1df_6.0.19041.5915_none_60b4b9d171f9c7c7\COMCTL32.dll
0x00007ffce23c0000 - 0x00007ffce245e000 	C:\WINDOWS\System32\msvcrt.dll
0x00007ffce2be0000 - 0x00007ffce2c0f000 	C:\WINDOWS\System32\IMM32.DLL
0x00007ffcd97b0000 - 0x00007ffcd97bc000 	c:\Users\Lenovo\.vscode\extensions\redhat.java-1.43.1-win32-x64\jre\21.0.7-win32-x86_64\bin\vcruntime140_1.dll
0x00007ffcb5570000 - 0x00007ffcb55fd000 	c:\Users\Lenovo\.vscode\extensions\redhat.java-1.43.1-win32-x64\jre\21.0.7-win32-x86_64\bin\msvcp140.dll
0x00007ffc7ff70000 - 0x00007ffc80d00000 	c:\Users\Lenovo\.vscode\extensions\redhat.java-1.43.1-win32-x64\jre\21.0.7-win32-x86_64\bin\server\jvm.dll
0x00007ffce1fd0000 - 0x00007ffce2081000 	C:\WINDOWS\System32\ADVAPI32.dll
0x00007ffce2f70000 - 0x00007ffce300f000 	C:\WINDOWS\System32\sechost.dll
0x00007ffce3430000 - 0x00007ffce3553000 	C:\WINDOWS\System32\RPCRT4.dll
0x00007ffce1200000 - 0x00007ffce1227000 	C:\WINDOWS\System32\bcrypt.dll
0x00007ffce33c0000 - 0x00007ffce342b000 	C:\WINDOWS\System32\WS2_32.dll
0x00007ffce0d60000 - 0x00007ffce0dab000 	C:\WINDOWS\SYSTEM32\POWRPROF.dll
0x00007ffccc750000 - 0x00007ffccc777000 	C:\WINDOWS\SYSTEM32\WINMM.dll
0x00007ffcd5ce0000 - 0x00007ffcd5cea000 	C:\WINDOWS\SYSTEM32\VERSION.dll
0x00007ffce0d40000 - 0x00007ffce0d52000 	C:\WINDOWS\SYSTEM32\UMPDC.dll
0x00007ffcded40000 - 0x00007ffcded52000 	C:\WINDOWS\SYSTEM32\kernel.appcore.dll
0x00007ffcd9790000 - 0x00007ffcd979a000 	c:\Users\Lenovo\.vscode\extensions\redhat.java-1.43.1-win32-x64\jre\21.0.7-win32-x86_64\bin\jimage.dll
0x00007ffccc7c0000 - 0x00007ffccc9c1000 	C:\WINDOWS\SYSTEM32\DBGHELP.DLL
0x00007ffccb650000 - 0x00007ffccb684000 	C:\WINDOWS\SYSTEM32\dbgcore.DLL
0x00007ffce12b0000 - 0x00007ffce1332000 	C:\WINDOWS\System32\bcryptPrimitives.dll
0x00007ffcd8f50000 - 0x00007ffcd8f5f000 	c:\Users\Lenovo\.vscode\extensions\redhat.java-1.43.1-win32-x64\jre\21.0.7-win32-x86_64\bin\instrument.dll
0x00007ffccdea0000 - 0x00007ffccdebf000 	c:\Users\Lenovo\.vscode\extensions\redhat.java-1.43.1-win32-x64\jre\21.0.7-win32-x86_64\bin\java.dll
0x00007ffce2470000 - 0x00007ffce2bde000 	C:\WINDOWS\System32\SHELL32.dll
0x00007ffcdef40000 - 0x00007ffcdf6e4000 	C:\WINDOWS\SYSTEM32\windows.storage.dll
0x00007ffce2c10000 - 0x00007ffce2f63000 	C:\WINDOWS\System32\combase.dll
0x00007ffce0780000 - 0x00007ffce07ab000 	C:\WINDOWS\SYSTEM32\Wldp.dll
0x00007ffce3560000 - 0x00007ffce362d000 	C:\WINDOWS\System32\OLEAUT32.dll
0x00007ffce3310000 - 0x00007ffce33bd000 	C:\WINDOWS\System32\SHCORE.dll
0x00007ffce2240000 - 0x00007ffce229b000 	C:\WINDOWS\System32\shlwapi.dll
0x00007ffce0e30000 - 0x00007ffce0e54000 	C:\WINDOWS\SYSTEM32\profapi.dll
0x00007ffcc93c0000 - 0x00007ffcc93d8000 	c:\Users\Lenovo\.vscode\extensions\redhat.java-1.43.1-win32-x64\jre\21.0.7-win32-x86_64\bin\zip.dll
0x00007ffcd5fa0000 - 0x00007ffcd5fb0000 	C:\Users\Lenovo\.vscode\extensions\redhat.java-1.43.1-win32-x64\jre\21.0.7-win32-x86_64\bin\net.dll
0x00007ffcd7d40000 - 0x00007ffcd7e4a000 	C:\WINDOWS\SYSTEM32\WINHTTP.dll
0x00007ffce0560000 - 0x00007ffce05ca000 	C:\WINDOWS\system32\mswsock.dll
0x00007ffcc7c90000 - 0x00007ffcc7ca6000 	C:\Users\Lenovo\.vscode\extensions\redhat.java-1.43.1-win32-x64\jre\21.0.7-win32-x86_64\bin\nio.dll
0x00007ffcd0a90000 - 0x00007ffcd0aa0000 	c:\Users\Lenovo\.vscode\extensions\redhat.java-1.43.1-win32-x64\jre\21.0.7-win32-x86_64\bin\verify.dll
0x00007ffcb5820000 - 0x00007ffcb5865000 	C:\Users\Lenovo\AppData\Roaming\Code\User\globalStorage\redhat.java\1.43.1\config_win\org.eclipse.equinox.launcher\org.eclipse.equinox.launcher.win32.win32.x86_64_1.2.1300.v20250331-1702\eclipse_11911.dll
0x00007ffce3010000 - 0x00007ffce313b000 	C:\WINDOWS\System32\ole32.dll
0x00007ffccf7e0000 - 0x00007ffccf7ea000 	C:\Users\Lenovo\.vscode\extensions\redhat.java-1.43.1-win32-x64\jre\21.0.7-win32-x86_64\bin\management.dll
0x00007ffcce5c0000 - 0x00007ffcce5cb000 	C:\Users\Lenovo\.vscode\extensions\redhat.java-1.43.1-win32-x64\jre\21.0.7-win32-x86_64\bin\management_ext.dll
0x00007ffce37f0000 - 0x00007ffce37f8000 	C:\WINDOWS\System32\PSAPI.DLL
0x00007ffce07c0000 - 0x00007ffce07d8000 	C:\WINDOWS\SYSTEM32\CRYPTSP.dll
0x00007ffcdfea0000 - 0x00007ffcdfed5000 	C:\WINDOWS\system32\rsaenh.dll
0x00007ffce0db0000 - 0x00007ffce0dde000 	C:\WINDOWS\SYSTEM32\USERENV.dll
0x00007ffce06f0000 - 0x00007ffce06fc000 	C:\WINDOWS\SYSTEM32\CRYPTBASE.dll
0x00007ffce0260000 - 0x00007ffce029b000 	C:\WINDOWS\SYSTEM32\IPHLPAPI.DLL
0x00007ffce1890000 - 0x00007ffce1898000 	C:\WINDOWS\System32\NSI.dll
0x00007ffcb3cf0000 - 0x00007ffcb3d39000 	C:\Users\Lenovo\AppData\Local\Temp\jna--2022488749\jna884541260515427522.dll
0x00007ffcd9b10000 - 0x00007ffcd9b27000 	C:\WINDOWS\SYSTEM32\dhcpcsvc6.DLL
0x00007ffcd9970000 - 0x00007ffcd998d000 	C:\WINDOWS\SYSTEM32\dhcpcsvc.DLL

dbghelp: loaded successfully - version: 4.0.5 - missing functions: none
symbol engine: initialized successfully - sym options: 0x614 - pdb path: .;c:\Users\Lenovo\.vscode\extensions\redhat.java-1.43.1-win32-x64\jre\21.0.7-win32-x86_64\bin;C:\WINDOWS\SYSTEM32;C:\WINDOWS\WinSxS\amd64_microsoft.windows.common-controls_6595b64144ccf1df_6.0.19041.5915_none_60b4b9d171f9c7c7;c:\Users\Lenovo\.vscode\extensions\redhat.java-1.43.1-win32-x64\jre\21.0.7-win32-x86_64\bin\server;C:\Users\Lenovo\AppData\Roaming\Code\User\globalStorage\redhat.java\1.43.1\config_win\org.eclipse.equinox.launcher\org.eclipse.equinox.launcher.win32.win32.x86_64_1.2.1300.v20250331-1702;C:\Users\Lenovo\AppData\Local\Temp\jna--2022488749

VM Arguments:
jvm_args: --add-modules=ALL-SYSTEM --add-opens=java.base/java.util=ALL-UNNAMED --add-opens=java.base/java.lang=ALL-UNNAMED --add-opens=java.base/sun.nio.fs=ALL-UNNAMED -Declipse.application=org.eclipse.jdt.ls.core.id1 -Dosgi.bundles.defaultStartLevel=4 -Declipse.product=org.eclipse.jdt.ls.core.product -Djava.import.generatesMetadataFilesAtProjectRoot=false -DDetectVMInstallationsJob.disabled=true -Dfile.encoding=utf8 -XX:+UseParallelGC -XX:GCTimeRatio=4 -XX:AdaptiveSizePolicyWeight=90 -Dsun.zip.disableMemoryMapping=true -Xmx2G -Xms100m -Xlog:disable -javaagent:c:\Users\Lenovo\.vscode\extensions\redhat.java-1.43.1-win32-x64\lombok\lombok-1.18.39-4050.jar -XX:+HeapDumpOnOutOfMemoryError -XX:HeapDumpPath=c:\Users\Lenovo\AppData\Roaming\Code\User\workspaceStorage\0bc067e12cc19cec01aaf3f7bde4a848\redhat.java -Daether.dependencyCollector.impl=bf 
java_command: c:\Users\Lenovo\.vscode\extensions\redhat.java-1.43.1-win32-x64\server\plugins\org.eclipse.equinox.launcher_1.7.0.v20250519-0528.jar -configuration c:\Users\Lenovo\AppData\Roaming\Code\User\globalStorage\redhat.java\1.43.1\config_win -data c:\Users\Lenovo\AppData\Roaming\Code\User\workspaceStorage\0bc067e12cc19cec01aaf3f7bde4a848\redhat.java\jdt_ws --pipe=\\.\pipe\lsp-bdc7763add41e9be5ecc369879ca3c68-sock
java_class_path (initial): c:\Users\Lenovo\.vscode\extensions\redhat.java-1.43.1-win32-x64\server\plugins\org.eclipse.equinox.launcher_1.7.0.v20250519-0528.jar
Launcher Type: SUN_STANDARD

[Global flags]
    uintx AdaptiveSizePolicyWeight                 = 90                                        {product} {command line}
     intx CICompilerCount                          = 3                                         {product} {ergonomic}
    uintx GCTimeRatio                              = 4                                         {product} {command line}
     bool HeapDumpOnOutOfMemoryError               = true                                   {manageable} {command line}
    ccstr HeapDumpPath                             = c:\Users\Lenovo\AppData\Roaming\Code\User\workspaceStorage\0bc067e12cc19cec01aaf3f7bde4a848\redhat.java         {manageable} {command line}
   size_t InitialHeapSize                          = 104857600                                 {product} {command line}
   size_t MaxHeapSize                              = 2147483648                                {product} {command line}
   size_t MaxNewSize                               = 715653120                                 {product} {ergonomic}
   size_t MinHeapDeltaBytes                        = 524288                                    {product} {ergonomic}
   size_t MinHeapSize                              = 104857600                                 {product} {command line}
   size_t NewSize                                  = 34603008                                  {product} {ergonomic}
    uintx NonNMethodCodeHeapSize                   = 5832780                                {pd product} {ergonomic}
    uintx NonProfiledCodeHeapSize                  = 122912730                              {pd product} {ergonomic}
   size_t OldSize                                  = 70254592                                  {product} {ergonomic}
    uintx ProfiledCodeHeapSize                     = 122912730                              {pd product} {ergonomic}
    uintx ReservedCodeCacheSize                    = 251658240                              {pd product} {ergonomic}
     bool SegmentedCodeCache                       = true                                      {product} {ergonomic}
   size_t SoftMaxHeapSize                          = 2147483648                             {manageable} {ergonomic}
     bool UseCompressedOops                        = true                           {product lp64_product} {ergonomic}
     bool UseLargePagesIndividualAllocation        = false                                  {pd product} {ergonomic}
     bool UseParallelGC                            = true                                      {product} {command line}

Logging:
Log output configuration:
 #0: stdout all=off uptime,level,tags foldmultilines=false
 #1: stderr all=off uptime,level,tags foldmultilines=false

Environment Variables:
PATH=C:\Program Files\Common Files\Oracle\Java\javapath;C:\Program Files (x86)\VMware\VMware Player\bin\;C:\WINDOWS\system32;C:\WINDOWS;C:\WINDOWS\System32\Wbem;C:\WINDOWS\System32\WindowsPowerShell\v1.0\;C:\WINDOWS\System32\OpenSSH\;C:\MinGW\bin;C:\Program Files\Git\cmd;C:\Program Files\Git\mingw64\bin;C:\Program Files\Git\usr\bin;C:\Program Files\Java\jdk-22\bin;C:\Program Files\nodejs\;C:\Program Files\Java\jdk-21\bin;C:\Program Files (x86)\Microsoft SQL Server\160\Tools\Binn\;C:\Program Files\Microsoft SQL Server\160\Tools\Binn\;C:\Program Files\Microsoft SQL Server\Client SDK\ODBC\170\Tools\Binn\;C:\Program Files\Microsoft SQL Server\160\DTS\Binn\;C:\Program Files (x86)\Microsoft SQL Server\160\DTS\Binn\;C:\Program Files\Microsoft SQL Server\150\Tools\Binn\;C:\Program Files\Docker\Docker\resources\bin;C:\Program Files\Java\jdk-23\bin;C:\Program Files\dotnet\;C:\Program Files\MySQL\MySQL Shell 8.0\bin\;C:\Users\Lenovo\AppData\Local\Programs\Python\Python312\Scripts\;C:\Users\Lenovo\AppData\Local\Programs\Python\Python312\;C:\Users\Lenovo\AppData\Local\Microsoft\WindowsApps;C:\Users\Lenovo\AppData\Local\Programs\Microsoft VS Code\bin;C:\Users\Lenovo\AppData\Local\GitHubDesktop\bin;C:\Users\Lenovo\AppData\Roaming\npm;C:\Users\Lenovo\AppData\Local\Programs\mongosh\
USERNAME=Lenovo
OS=Windows_NT
PROCESSOR_IDENTIFIER=Intel64 Family 6 Model 142 Stepping 9, GenuineIntel
TMP=C:\Users\Lenovo\AppData\Local\Temp
TEMP=C:\Users\Lenovo\AppData\Local\Temp




Periodic native trim disabled

---------------  S Y S T E M  ---------------

OS:
 Windows 10 , 64 bit Build 19041 (10.0.19041.5915)
OS uptime: 3 days 19:07 hours
Hyper-V role detected

CPU: total 4 (initial active 4) (2 cores per cpu, 2 threads per core) family 6 model 142 stepping 9 microcode 0xf0, cx8, cmov, fxsr, ht, mmx, 3dnowpref, sse, sse2, sse3, ssse3, sse4.1, sse4.2, popcnt, lzcnt, tsc, tscinvbit, avx, avx2, aes, erms, clmul, bmi1, bmi2, rtm, adx, fma, vzeroupper, clflush, clflushopt, hv, rdtscp, f16c
Processor Information for the first 4 processors :
  Max Mhz: 2701, Current Mhz: 2701, Mhz Limit: 2701

Memory: 4k page, system-wide physical 8056M (326M free)
TotalPageFile size 20237M (AvailPageFile size 14M)
current process WorkingSet (physical memory assigned to process): 186M, peak: 188M
current process commit charge ("private bytes"): 299M, peak: 305M

vm_info: OpenJDK 64-Bit Server VM (21.0.7+6-LTS) for windows-amd64 JRE (21.0.7+6-LTS), built on 2025-04-15T00:00:00Z by "admin" with MS VC++ 17.7 (VS2022)

END.
