#
# There is insufficient memory for the Java Runtime Environment to continue.
# Native memory allocation (malloc) failed to allocate 826336 bytes. Error detail: Chunk::new
# Possible reasons:
#   The system is out of physical RAM or swap space
#   This process is running with CompressedOops enabled, and the Java Heap may be blocking the growth of the native heap
# Possible solutions:
#   Reduce memory load on the system
#   Increase physical memory or swap space
#   Check if swap backing store is full
#   Decrease Java heap size (-Xmx/-Xms)
#   Decrease number of Java threads
#   Decrease Java thread stack sizes (-Xss)
#   Set larger code cache with -XX:ReservedCodeCacheSize=
#   JVM is running with Unscaled Compressed Oops mode in which the Java heap is
#     placed in the first 4GB address space. The Java Heap base address is the
#     maximum limit for the native heap growth. Please use -XX:HeapBaseMinAddress
#     to set the Java Heap base and to place the Java Heap above 4GB virtual address.
# This output file may be truncated or incomplete.
#
#  Out of Memory Error (arena.cpp:168), pid=7892, tid=13588
#
# JRE version: OpenJDK Runtime Environment Temurin-21.0.7+6 (21.0.7+6) (build 21.0.7+6-LTS)
# Java VM: OpenJDK 64-Bit Server VM Temurin-21.0.7+6 (21.0.7+6-LTS, mixed mode, sharing, tiered, compressed oops, compressed class ptrs, parallel gc, windows-amd64)
# No core dump will be written. Minidumps are not enabled by default on client versions of Windows
#

---------------  S U M M A R Y ------------

Command Line: --add-modules=ALL-SYSTEM --add-opens=java.base/java.util=ALL-UNNAMED --add-opens=java.base/java.lang=ALL-UNNAMED --add-opens=java.base/sun.nio.fs=ALL-UNNAMED -Declipse.application=org.eclipse.jdt.ls.core.id1 -Dosgi.bundles.defaultStartLevel=4 -Declipse.product=org.eclipse.jdt.ls.core.product -Djava.import.generatesMetadataFilesAtProjectRoot=false -DDetectVMInstallationsJob.disabled=true -Dfile.encoding=utf8 -XX:+UseParallelGC -XX:GCTimeRatio=4 -XX:AdaptiveSizePolicyWeight=90 -Dsun.zip.disableMemoryMapping=true -Xmx2G -Xms100m -Xlog:disable -javaagent:c:\Users\Lenovo\.vscode\extensions\redhat.java-1.43.1-win32-x64\lombok\lombok-1.18.39-4050.jar -XX:+HeapDumpOnOutOfMemoryError -XX:HeapDumpPath=c:\Users\Lenovo\AppData\Roaming\Code\User\workspaceStorage\0bc067e12cc19cec01aaf3f7bde4a848\redhat.java -Daether.dependencyCollector.impl=bf c:\Users\Lenovo\.vscode\extensions\redhat.java-1.43.1-win32-x64\server\plugins\org.eclipse.equinox.launcher_1.7.0.v20250519-0528.jar -configuration c:\Users\Lenovo\AppData\Roaming\Code\User\globalStorage\redhat.java\1.43.1\config_win -data c:\Users\Lenovo\AppData\Roaming\Code\User\workspaceStorage\0bc067e12cc19cec01aaf3f7bde4a848\redhat.java\jdt_ws --pipe=\\.\pipe\lsp-84cce51f677d7eeb4b9d0eb95a206844-sock

Host: Intel(R) Core(TM) i5-7300U CPU @ 2.60GHz, 4 cores, 7G,  Windows 10 , 64 bit Build 19041 (10.0.19041.5915)
Time: Thu Jul 17 17:01:41 2025 India Standard Time elapsed time: 58.110666 seconds (0d 0h 0m 58s)

---------------  T H R E A D  ---------------

Current thread (0x0000028659f82a20):  JavaThread "C2 CompilerThread0" daemon [_thread_in_native, id=13588, stack(0x000000efd4700000,0x000000efd4800000) (1024K)]


Current CompileTask:
C2:58110 5572   !   4       org.eclipse.osgi.internal.loader.classpath.ClasspathManager::findLocalClass (210 bytes)

Stack: [0x000000efd4700000,0x000000efd4800000]
Native frames: (J=compiled Java code, j=interpreted, Vv=VM code, C=native code)
V  [jvm.dll+0x6ce119]
V  [jvm.dll+0x8a84a1]
V  [jvm.dll+0x8aa9ce]
V  [jvm.dll+0x8ab0b3]
V  [jvm.dll+0x27f8a6]
V  [jvm.dll+0xc507d]
V  [jvm.dll+0xc55b3]
V  [jvm.dll+0x2f2c6d]
V  [jvm.dll+0x5f6bca]
V  [jvm.dll+0x250cb2]
V  [jvm.dll+0x25106f]
V  [jvm.dll+0x249934]
V  [jvm.dll+0x246fc4]
V  [jvm.dll+0x1c760e]
V  [jvm.dll+0x25695a]
V  [jvm.dll+0x254efa]
V  [jvm.dll+0x3f03f6]
V  [jvm.dll+0x851f6b]
V  [jvm.dll+0x6cc7dd]
C  [ucrtbase.dll+0x21bb2]
C  [KERNEL32.DLL+0x17374]
C  [ntdll.dll+0x4cc91]


---------------  P R O C E S S  ---------------

Threads class SMR info:
_java_thread_list=0x0000028677374e10, length=34, elements={
0x000002865a090a60, 0x0000028659f793a0, 0x0000028659f7aaf0, 0x0000028659f7c4c0,
0x0000028659f7d3d0, 0x0000028659f7f190, 0x0000028659f81bf0, 0x0000028659f82a20,
0x0000028659ff1b00, 0x00000286716274d0, 0x00000286718f87b0, 0x000002867632b710,
0x0000028659fd4430, 0x000002867646d470, 0x00000286764767b0, 0x0000028676475a90,
0x00000286764746e0, 0x0000028676474d70, 0x0000028676475400, 0x00000286765d5440,
0x00000286765d1fc0, 0x00000286765d3370, 0x00000286765d3a00, 0x00000286765d7510,
0x00000286765d88c0, 0x00000286765d4090, 0x00000286765d6e80, 0x00000286765d5ad0,
0x00000286765d6160, 0x00000286765d67f0, 0x00000286765d7ba0, 0x00000286765d4720,
0x00000286765d8f50, 0x00000286765d95e0
}

Java Threads: ( => current thread )
  0x000002865a090a60 JavaThread "main"                              [_thread_blocked, id=17412, stack(0x000000efd3d00000,0x000000efd3e00000) (1024K)]
  0x0000028659f793a0 JavaThread "Reference Handler"          daemon [_thread_blocked, id=14964, stack(0x000000efd4100000,0x000000efd4200000) (1024K)]
  0x0000028659f7aaf0 JavaThread "Finalizer"                  daemon [_thread_blocked, id=7988, stack(0x000000efd4200000,0x000000efd4300000) (1024K)]
  0x0000028659f7c4c0 JavaThread "Signal Dispatcher"          daemon [_thread_blocked, id=16488, stack(0x000000efd4300000,0x000000efd4400000) (1024K)]
  0x0000028659f7d3d0 JavaThread "Attach Listener"            daemon [_thread_blocked, id=6980, stack(0x000000efd4400000,0x000000efd4500000) (1024K)]
  0x0000028659f7f190 JavaThread "Service Thread"             daemon [_thread_blocked, id=1940, stack(0x000000efd4500000,0x000000efd4600000) (1024K)]
  0x0000028659f81bf0 JavaThread "Monitor Deflation Thread"   daemon [_thread_blocked, id=10704, stack(0x000000efd4600000,0x000000efd4700000) (1024K)]
=>0x0000028659f82a20 JavaThread "C2 CompilerThread0"         daemon [_thread_in_native, id=13588, stack(0x000000efd4700000,0x000000efd4800000) (1024K)]
  0x0000028659ff1b00 JavaThread "C1 CompilerThread0"         daemon [_thread_blocked, id=4924, stack(0x000000efd4800000,0x000000efd4900000) (1024K)]
  0x00000286716274d0 JavaThread "Common-Cleaner"             daemon [_thread_blocked, id=5444, stack(0x000000efd4900000,0x000000efd4a00000) (1024K)]
  0x00000286718f87b0 JavaThread "Notification Thread"        daemon [_thread_blocked, id=15788, stack(0x000000efd4a00000,0x000000efd4b00000) (1024K)]
  0x000002867632b710 JavaThread "Active Thread: Equinox Container: 15e26d10-d8e8-47a7-9be0-2a039dbe947c"        [_thread_blocked, id=17448, stack(0x000000efd5200000,0x000000efd5300000) (1024K)]
  0x0000028659fd4430 JavaThread "Framework Event Dispatcher: Equinox Container: 15e26d10-d8e8-47a7-9be0-2a039dbe947c" daemon [_thread_blocked, id=20272, stack(0x000000efd5300000,0x000000efd5400000) (1024K)]
  0x000002867646d470 JavaThread "Start Level: Equinox Container: 15e26d10-d8e8-47a7-9be0-2a039dbe947c" daemon [_thread_blocked, id=8624, stack(0x000000efd5400000,0x000000efd5500000) (1024K)]
  0x00000286764767b0 JavaThread "Refresh Thread: Equinox Container: 15e26d10-d8e8-47a7-9be0-2a039dbe947c" daemon [_thread_blocked, id=4008, stack(0x000000efd4e00000,0x000000efd4f00000) (1024K)]
  0x0000028676475a90 JavaThread "Bundle File Closer"         daemon [_thread_blocked, id=9856, stack(0x000000efd5600000,0x000000efd5700000) (1024K)]
  0x00000286764746e0 JavaThread "SCR Component Actor"        daemon [_thread_blocked, id=17436, stack(0x000000efd4f00000,0x000000efd5000000) (1024K)]
  0x0000028676474d70 JavaThread "Worker-JM"                         [_thread_blocked, id=16908, stack(0x000000efd5100000,0x000000efd5200000) (1024K)]
  0x0000028676475400 JavaThread "Worker-0: Repository registry initialization"        [_thread_in_vm, id=2588, stack(0x000000efd5500000,0x000000efd5600000) (1024K)]
  0x00000286765d5440 JavaThread "Worker-1: Updating Maven Dependencies"        [_thread_blocked, id=12748, stack(0x000000efd5700000,0x000000efd5800000) (1024K)]
  0x00000286765d1fc0 JavaThread "Java indexing"              daemon [_thread_blocked, id=15764, stack(0x000000efd5800000,0x000000efd5900000) (1024K)]
  0x00000286765d3370 JavaThread "Worker-2: Initialize After Load"        [_thread_blocked, id=10728, stack(0x000000efd5900000,0x000000efd5a00000) (1024K)]
  0x00000286765d3a00 JavaThread "Worker-3: Loading available Gradle versions"        [_thread_blocked, id=3424, stack(0x000000efd5a00000,0x000000efd5b00000) (1024K)]
  0x00000286765d7510 JavaThread "JNA Cleaner"                daemon [_thread_blocked, id=19380, stack(0x000000efd5b00000,0x000000efd5c00000) (1024K)]
  0x00000286765d88c0 JavaThread "Worker-4"                          [_thread_blocked, id=1064, stack(0x000000efd5e00000,0x000000efd5f00000) (1024K)]
  0x00000286765d4090 JavaThread "Worker-5"                          [_thread_blocked, id=19032, stack(0x000000efd5f00000,0x000000efd6000000) (1024K)]
  0x00000286765d6e80 JavaThread "Thread-2"                   daemon [_thread_in_native, id=7580, stack(0x000000efd6000000,0x000000efd6100000) (1024K)]
  0x00000286765d5ad0 JavaThread "Thread-3"                   daemon [_thread_in_native, id=10100, stack(0x000000efd6100000,0x000000efd6200000) (1024K)]
  0x00000286765d6160 JavaThread "Thread-4"                   daemon [_thread_in_native, id=2340, stack(0x000000efd6200000,0x000000efd6300000) (1024K)]
  0x00000286765d67f0 JavaThread "Thread-5"                   daemon [_thread_in_native, id=11152, stack(0x000000efd6300000,0x000000efd6400000) (1024K)]
  0x00000286765d7ba0 JavaThread "Thread-6"                   daemon [_thread_in_native, id=19976, stack(0x000000efd6400000,0x000000efd6500000) (1024K)]
  0x00000286765d4720 JavaThread "pool-2-thread-1"                   [_thread_blocked, id=9360, stack(0x000000efd6500000,0x000000efd6600000) (1024K)]
  0x00000286765d8f50 JavaThread "WorkspaceEventsHandler"            [_thread_blocked, id=16080, stack(0x000000efd5000000,0x000000efd5100000) (1024K)]
  0x00000286765d95e0 JavaThread "pool-1-thread-1"                   [_thread_blocked, id=9408, stack(0x000000efd6600000,0x000000efd6700000) (1024K)]
Total: 34

Other Threads:
  0x0000028659f5d8f0 VMThread "VM Thread"                           [id=15800, stack(0x000000efd4000000,0x000000efd4100000) (1024K)]
  0x000002865a155770 WatcherThread "VM Periodic Task Thread"        [id=16208, stack(0x000000efd3f00000,0x000000efd4000000) (1024K)]
  0x000002865a0ad770 WorkerThread "GC Thread#0"                     [id=6668, stack(0x000000efd3e00000,0x000000efd3f00000) (1024K)]
  0x00000286718b07b0 WorkerThread "GC Thread#1"                     [id=14128, stack(0x000000efd4b00000,0x000000efd4c00000) (1024K)]
  0x000002867630c330 WorkerThread "GC Thread#2"                     [id=20464, stack(0x000000efd4c00000,0x000000efd4d00000) (1024K)]
  0x000002867630c6d0 WorkerThread "GC Thread#3"                     [id=7948, stack(0x000000efd4d00000,0x000000efd4e00000) (1024K)]
Total: 6

Threads with active compile tasks:
C2 CompilerThread0  58306 5572   !   4       org.eclipse.osgi.internal.loader.classpath.ClasspathManager::findLocalClass (210 bytes)
Total: 1

VM state: not at safepoint (normal execution)

VM Mutex/Monitor currently owned by a thread: None

Heap address: 0x0000000080000000, size: 2048 MB, Compressed Oops mode: 32-bit

CDS archive(s) mapped at: [0x0000028600000000-0x0000028600ba0000-0x0000028600ba0000), size 12189696, SharedBaseAddress: 0x0000028600000000, ArchiveRelocationMode: 1.
Compressed class space mapped at: 0x0000028601000000-0x0000028641000000, reserved size: 1073741824
Narrow klass base: 0x0000028600000000, Narrow klass shift: 0, Narrow klass range: 0x100000000

GC Precious Log:
 CardTable entry size: 512
 CPUs: 4 total, 4 available
 Memory: 8056M
 Large Page Support: Disabled
 NUMA Support: Disabled
 Compressed Oops: Enabled (32-bit)
 Alignments: Space 512K, Generation 512K, Heap 2M
 Heap Min Capacity: 100M
 Heap Initial Capacity: 100M
 Heap Max Capacity: 2G
 Pre-touch: Disabled
 Parallel Workers: 4

Heap:
 PSYoungGen      total 23552K, used 18625K [0x00000000d5580000, 0x00000000d6f80000, 0x0000000100000000)
  eden space 22016K, 78% used [0x00000000d5580000,0x00000000d666dfe0,0x00000000d6b00000)
  from space 1536K, 83% used [0x00000000d6c80000,0x00000000d6dc2460,0x00000000d6e00000)
  to   space 1536K, 0% used [0x00000000d6e00000,0x00000000d6e00000,0x00000000d6f80000)
 ParOldGen       total 68608K, used 21704K [0x0000000080000000, 0x0000000084300000, 0x00000000d5580000)
  object space 68608K, 31% used [0x0000000080000000,0x00000000815321d0,0x0000000084300000)
 Metaspace       used 45542K, committed 46720K, reserved 1114112K
  class space    used 4839K, committed 5376K, reserved 1048576K

Card table byte_map: [0x0000028659a40000,0x0000028659e50000] _byte_map_base: 0x0000028659640000

Marking Bits: (ParMarkBitMap*) 0x00007ffc80c231f0
 Begin Bits: [0x000002866c540000, 0x000002866e540000)
 End Bits:   [0x000002866e540000, 0x0000028670540000)

Polling page: 0x0000028657db0000

Metaspace:

Usage:
  Non-class:     39.75 MB used.
      Class:      4.73 MB used.
       Both:     44.47 MB used.

Virtual space:
  Non-class space:       64.00 MB reserved,      40.38 MB ( 63%) committed,  1 nodes.
      Class space:        1.00 GB reserved,       5.25 MB ( <1%) committed,  1 nodes.
             Both:        1.06 GB reserved,      45.62 MB (  4%) committed. 

Chunk freelists:
   Non-Class:  7.10 MB
       Class:  10.81 MB
        Both:  17.91 MB

MaxMetaspaceSize: unlimited
CompressedClassSpaceSize: 1.00 GB
Initial GC threshold: 21.00 MB
Current GC threshold: 58.38 MB
CDS: on
 - commit_granule_bytes: 65536.
 - commit_granule_words: 8192.
 - virtual_space_node_default_size: 8388608.
 - enlarge_chunks_in_place: 1.
 - use_allocation_guard: 0.


Internal statistics:

num_allocs_failed_limit: 6.
num_arena_births: 764.
num_arena_deaths: 22.
num_vsnodes_births: 2.
num_vsnodes_deaths: 0.
num_space_committed: 730.
num_space_uncommitted: 0.
num_chunks_returned_to_freelist: 29.
num_chunks_taken_from_freelist: 2592.
num_chunk_merges: 10.
num_chunk_splits: 1606.
num_chunks_enlarged: 948.
num_inconsistent_stats: 0.

CodeHeap 'non-profiled nmethods': size=120000Kb used=2266Kb max_used=2333Kb free=117733Kb
 bounds [0x0000028664d60000, 0x0000028664fd0000, 0x000002866c290000]
CodeHeap 'profiled nmethods': size=120000Kb used=11410Kb max_used=11410Kb free=108589Kb
 bounds [0x000002865d290000, 0x000002865ddc0000, 0x00000286647c0000]
CodeHeap 'non-nmethods': size=5760Kb used=1386Kb max_used=1434Kb free=4373Kb
 bounds [0x00000286647c0000, 0x0000028664a30000, 0x0000028664d60000]
 total_blobs=6177 nmethods=5496 adapters=587
 compilation: enabled
              stopped_count=0, restarted_count=0
 full_count=0

Compilation events (20 events):
Event: 58.103 Thread 0x0000028659ff1b00 nmethod 5889 0x000002865d30be10 code [0x000002865d30c040, 0x000002865d30c6a0]
Event: 58.103 Thread 0x0000028659ff1b00 5892       2       com.google.common.base.Preconditions::checkState (17 bytes)
Event: 58.104 Thread 0x0000028659ff1b00 nmethod 5892 0x000002865d30b990 code [0x000002865d30bb40, 0x000002865d30bd18]
Event: 58.104 Thread 0x0000028659ff1b00 5890       2       java.lang.invoke.VarHandleGuards::guard_LIL_V (135 bytes)
Event: 58.106 Thread 0x0000028659ff1b00 nmethod 5890 0x000002865d30a010 code [0x000002865d30a320, 0x000002865d30b0e8]
Event: 58.106 Thread 0x0000028659ff1b00 5895       2       com.google.common.cache.LocalCache$Segment::drainRecencyQueue (45 bytes)
Event: 58.107 Thread 0x0000028659ff1b00 nmethod 5895 0x000002865d309a10 code [0x000002865d309be0, 0x000002865d309ec8]
Event: 58.107 Thread 0x0000028659ff1b00 5896       1       com.google.inject.internal.InjectorImpl::getJitBindingData (5 bytes)
Event: 58.107 Thread 0x0000028659ff1b00 nmethod 5896 0x0000028664e9cb10 code [0x0000028664e9cca0, 0x0000028664e9cd68]
Event: 58.107 Thread 0x0000028659ff1b00 5891       2       com.google.common.cache.LocalCache::unset (4 bytes)
Event: 58.107 Thread 0x0000028659ff1b00 nmethod 5891 0x000002865d309710 code [0x000002865d3098a0, 0x000002865d309990]
Event: 58.107 Thread 0x0000028659ff1b00 5894       1       com.google.inject.internal.InjectorJitBindingData::lock (5 bytes)
Event: 58.107 Thread 0x0000028659ff1b00 nmethod 5894 0x0000028664e9c810 code [0x0000028664e9c9a0, 0x0000028664e9ca68]
Event: 58.107 Thread 0x0000028659ff1b00 5898       1       com.google.inject.internal.Scoping::getScopeAnnotation (2 bytes)
Event: 58.107 Thread 0x0000028659ff1b00 nmethod 5898 0x0000028664e9c510 code [0x0000028664e9c6a0, 0x0000028664e9c770]
Event: 58.107 Thread 0x0000028659ff1b00 5893       1       com.google.common.cache.LocalCache$1::isActive (2 bytes)
Event: 58.107 Thread 0x0000028659ff1b00 nmethod 5893 0x0000028664e9c210 code [0x0000028664e9c3a0, 0x0000028664e9c468]
Event: 58.107 Thread 0x0000028659ff1b00 5897       1       com.google.common.cache.CacheBuilder$OneWeigher::weigh (2 bytes)
Event: 58.108 Thread 0x0000028659ff1b00 nmethod 5897 0x0000028664e9bf10 code [0x0000028664e9c0a0, 0x0000028664e9c168]
Event: 58.108 Thread 0x0000028659ff1b00 5899       2       com.google.inject.spi.DefaultBindingTargetVisitor::<init> (5 bytes)

GC Heap History (20 events):
Event: 52.211 GC heap before
{Heap before GC invocations=10 (full 1):
 PSYoungGen      total 29696K, used 24064K [0x00000000d5580000, 0x00000000d7800000, 0x0000000100000000)
  eden space 24064K, 100% used [0x00000000d5580000,0x00000000d6d00000,0x00000000d6d00000)
  from space 5632K, 0% used [0x00000000d7280000,0x00000000d7280000,0x00000000d7800000)
  to   space 5632K, 0% used [0x00000000d6d00000,0x00000000d6d00000,0x00000000d7280000)
 ParOldGen       total 68608K, used 13122K [0x0000000080000000, 0x0000000084300000, 0x00000000d5580000)
  object space 68608K, 19% used [0x0000000080000000,0x0000000080cd0b08,0x0000000084300000)
 Metaspace       used 23278K, committed 24064K, reserved 1114112K
  class space    used 2220K, committed 2560K, reserved 1048576K
}
Event: 52.212 GC heap after
{Heap after GC invocations=10 (full 1):
 PSYoungGen      total 24064K, used 192K [0x00000000d5580000, 0x00000000d7300000, 0x0000000100000000)
  eden space 23552K, 0% used [0x00000000d5580000,0x00000000d5580000,0x00000000d6c80000)
  from space 512K, 37% used [0x00000000d6d00000,0x00000000d6d30000,0x00000000d6d80000)
  to   space 2560K, 0% used [0x00000000d7080000,0x00000000d7080000,0x00000000d7300000)
 ParOldGen       total 68608K, used 13130K [0x0000000080000000, 0x0000000084300000, 0x00000000d5580000)
  object space 68608K, 19% used [0x0000000080000000,0x0000000080cd2b08,0x0000000084300000)
 Metaspace       used 23278K, committed 24064K, reserved 1114112K
  class space    used 2220K, committed 2560K, reserved 1048576K
}
Event: 52.548 GC heap before
{Heap before GC invocations=11 (full 1):
 PSYoungGen      total 24064K, used 23744K [0x00000000d5580000, 0x00000000d7300000, 0x0000000100000000)
  eden space 23552K, 100% used [0x00000000d5580000,0x00000000d6c80000,0x00000000d6c80000)
  from space 512K, 37% used [0x00000000d6d00000,0x00000000d6d30000,0x00000000d6d80000)
  to   space 2560K, 0% used [0x00000000d7080000,0x00000000d7080000,0x00000000d7300000)
 ParOldGen       total 68608K, used 13130K [0x0000000080000000, 0x0000000084300000, 0x00000000d5580000)
  object space 68608K, 19% used [0x0000000080000000,0x0000000080cd2b08,0x0000000084300000)
 Metaspace       used 25682K, committed 26432K, reserved 1114112K
  class space    used 2407K, committed 2752K, reserved 1048576K
}
Event: 52.551 GC heap after
{Heap after GC invocations=11 (full 1):
 PSYoungGen      total 25600K, used 2088K [0x00000000d5580000, 0x00000000d7300000, 0x0000000100000000)
  eden space 23040K, 0% used [0x00000000d5580000,0x00000000d5580000,0x00000000d6c00000)
  from space 2560K, 81% used [0x00000000d7080000,0x00000000d728a2b0,0x00000000d7300000)
  to   space 2560K, 0% used [0x00000000d6e00000,0x00000000d6e00000,0x00000000d7080000)
 ParOldGen       total 68608K, used 13130K [0x0000000080000000, 0x0000000084300000, 0x00000000d5580000)
  object space 68608K, 19% used [0x0000000080000000,0x0000000080cd2b08,0x0000000084300000)
 Metaspace       used 25682K, committed 26432K, reserved 1114112K
  class space    used 2407K, committed 2752K, reserved 1048576K
}
Event: 53.053 GC heap before
{Heap before GC invocations=12 (full 1):
 PSYoungGen      total 25600K, used 25128K [0x00000000d5580000, 0x00000000d7300000, 0x0000000100000000)
  eden space 23040K, 100% used [0x00000000d5580000,0x00000000d6c00000,0x00000000d6c00000)
  from space 2560K, 81% used [0x00000000d7080000,0x00000000d728a2b0,0x00000000d7300000)
  to   space 2560K, 0% used [0x00000000d6e00000,0x00000000d6e00000,0x00000000d7080000)
 ParOldGen       total 68608K, used 13130K [0x0000000080000000, 0x0000000084300000, 0x00000000d5580000)
  object space 68608K, 19% used [0x0000000080000000,0x0000000080cd2b08,0x0000000084300000)
 Metaspace       used 27927K, committed 28800K, reserved 1114112K
  class space    used 2651K, committed 3008K, reserved 1048576K
}
Event: 53.058 GC heap after
{Heap after GC invocations=12 (full 1):
 PSYoungGen      total 24064K, used 1106K [0x00000000d5580000, 0x00000000d7100000, 0x0000000100000000)
  eden space 22528K, 0% used [0x00000000d5580000,0x00000000d5580000,0x00000000d6b80000)
  from space 1536K, 72% used [0x00000000d6e00000,0x00000000d6f14940,0x00000000d6f80000)
  to   space 1536K, 0% used [0x00000000d6f80000,0x00000000d6f80000,0x00000000d7100000)
 ParOldGen       total 68608K, used 15027K [0x0000000080000000, 0x0000000084300000, 0x00000000d5580000)
  object space 68608K, 21% used [0x0000000080000000,0x0000000080eacdf0,0x0000000084300000)
 Metaspace       used 27927K, committed 28800K, reserved 1114112K
  class space    used 2651K, committed 3008K, reserved 1048576K
}
Event: 53.531 GC heap before
{Heap before GC invocations=13 (full 1):
 PSYoungGen      total 24064K, used 23634K [0x00000000d5580000, 0x00000000d7100000, 0x0000000100000000)
  eden space 22528K, 100% used [0x00000000d5580000,0x00000000d6b80000,0x00000000d6b80000)
  from space 1536K, 72% used [0x00000000d6e00000,0x00000000d6f14940,0x00000000d6f80000)
  to   space 1536K, 0% used [0x00000000d6f80000,0x00000000d6f80000,0x00000000d7100000)
 ParOldGen       total 68608K, used 15027K [0x0000000080000000, 0x0000000084300000, 0x00000000d5580000)
  object space 68608K, 21% used [0x0000000080000000,0x0000000080eacdf0,0x0000000084300000)
 Metaspace       used 31393K, committed 32384K, reserved 1114112K
  class space    used 3095K, committed 3520K, reserved 1048576K
}
Event: 53.536 GC heap after
{Heap after GC invocations=13 (full 1):
 PSYoungGen      total 23040K, used 966K [0x00000000d5580000, 0x00000000d7080000, 0x0000000100000000)
  eden space 22016K, 0% used [0x00000000d5580000,0x00000000d5580000,0x00000000d6b00000)
  from space 1024K, 94% used [0x00000000d6f80000,0x00000000d7071b48,0x00000000d7080000)
  to   space 1536K, 0% used [0x00000000d6d80000,0x00000000d6d80000,0x00000000d6f00000)
 ParOldGen       total 68608K, used 16014K [0x0000000080000000, 0x0000000084300000, 0x00000000d5580000)
  object space 68608K, 23% used [0x0000000080000000,0x0000000080fa3b88,0x0000000084300000)
 Metaspace       used 31393K, committed 32384K, reserved 1114112K
  class space    used 3095K, committed 3520K, reserved 1048576K
}
Event: 54.046 GC heap before
{Heap before GC invocations=14 (full 1):
 PSYoungGen      total 23040K, used 22982K [0x00000000d5580000, 0x00000000d7080000, 0x0000000100000000)
  eden space 22016K, 100% used [0x00000000d5580000,0x00000000d6b00000,0x00000000d6b00000)
  from space 1024K, 94% used [0x00000000d6f80000,0x00000000d7071b48,0x00000000d7080000)
  to   space 1536K, 0% used [0x00000000d6d80000,0x00000000d6d80000,0x00000000d6f00000)
 ParOldGen       total 68608K, used 16014K [0x0000000080000000, 0x0000000084300000, 0x00000000d5580000)
  object space 68608K, 23% used [0x0000000080000000,0x0000000080fa3b88,0x0000000084300000)
 Metaspace       used 33266K, committed 34240K, reserved 1114112K
  class space    used 3316K, committed 3712K, reserved 1048576K
}
Event: 54.051 GC heap after
{Heap after GC invocations=14 (full 1):
 PSYoungGen      total 23552K, used 1325K [0x00000000d5580000, 0x00000000d7000000, 0x0000000100000000)
  eden space 22016K, 0% used [0x00000000d5580000,0x00000000d5580000,0x00000000d6b00000)
  from space 1536K, 86% used [0x00000000d6d80000,0x00000000d6ecb458,0x00000000d6f00000)
  to   space 1024K, 0% used [0x00000000d6f00000,0x00000000d6f00000,0x00000000d7000000)
 ParOldGen       total 68608K, used 16744K [0x0000000080000000, 0x0000000084300000, 0x00000000d5580000)
  object space 68608K, 24% used [0x0000000080000000,0x000000008105a2f0,0x0000000084300000)
 Metaspace       used 33266K, committed 34240K, reserved 1114112K
  class space    used 3316K, committed 3712K, reserved 1048576K
}
Event: 54.746 GC heap before
{Heap before GC invocations=15 (full 1):
 PSYoungGen      total 23552K, used 15805K [0x00000000d5580000, 0x00000000d7000000, 0x0000000100000000)
  eden space 22016K, 65% used [0x00000000d5580000,0x00000000d63a41e0,0x00000000d6b00000)
  from space 1536K, 86% used [0x00000000d6d80000,0x00000000d6ecb458,0x00000000d6f00000)
  to   space 1024K, 0% used [0x00000000d6f00000,0x00000000d6f00000,0x00000000d7000000)
 ParOldGen       total 68608K, used 16744K [0x0000000080000000, 0x0000000084300000, 0x00000000d5580000)
  object space 68608K, 24% used [0x0000000080000000,0x000000008105a2f0,0x0000000084300000)
 Metaspace       used 34884K, committed 35840K, reserved 1114112K
  class space    used 3510K, committed 3904K, reserved 1048576K
}
Event: 54.751 GC heap after
{Heap after GC invocations=15 (full 1):
 PSYoungGen      total 23040K, used 608K [0x00000000d5580000, 0x00000000d7000000, 0x0000000100000000)
  eden space 22016K, 0% used [0x00000000d5580000,0x00000000d5580000,0x00000000d6b00000)
  from space 1024K, 59% used [0x00000000d6f00000,0x00000000d6f98000,0x00000000d7000000)
  to   space 1024K, 0% used [0x00000000d6e00000,0x00000000d6e00000,0x00000000d6f00000)
 ParOldGen       total 68608K, used 17917K [0x0000000080000000, 0x0000000084300000, 0x00000000d5580000)
  object space 68608K, 26% used [0x0000000080000000,0x000000008117f678,0x0000000084300000)
 Metaspace       used 34884K, committed 35840K, reserved 1114112K
  class space    used 3510K, committed 3904K, reserved 1048576K
}
Event: 54.751 GC heap before
{Heap before GC invocations=16 (full 2):
 PSYoungGen      total 23040K, used 608K [0x00000000d5580000, 0x00000000d7000000, 0x0000000100000000)
  eden space 22016K, 0% used [0x00000000d5580000,0x00000000d5580000,0x00000000d6b00000)
  from space 1024K, 59% used [0x00000000d6f00000,0x00000000d6f98000,0x00000000d7000000)
  to   space 1024K, 0% used [0x00000000d6e00000,0x00000000d6e00000,0x00000000d6f00000)
 ParOldGen       total 68608K, used 17917K [0x0000000080000000, 0x0000000084300000, 0x00000000d5580000)
  object space 68608K, 26% used [0x0000000080000000,0x000000008117f678,0x0000000084300000)
 Metaspace       used 34884K, committed 35840K, reserved 1114112K
  class space    used 3510K, committed 3904K, reserved 1048576K
}
Event: 54.847 GC heap after
{Heap after GC invocations=16 (full 2):
 PSYoungGen      total 23040K, used 0K [0x00000000d5580000, 0x00000000d7000000, 0x0000000100000000)
  eden space 22016K, 0% used [0x00000000d5580000,0x00000000d5580000,0x00000000d6b00000)
  from space 1024K, 0% used [0x00000000d6f00000,0x00000000d6f00000,0x00000000d7000000)
  to   space 1024K, 0% used [0x00000000d6e00000,0x00000000d6e00000,0x00000000d6f00000)
 ParOldGen       total 68608K, used 17717K [0x0000000080000000, 0x0000000084300000, 0x00000000d5580000)
  object space 68608K, 25% used [0x0000000080000000,0x000000008114d760,0x0000000084300000)
 Metaspace       used 34877K, committed 35840K, reserved 1114112K
  class space    used 3508K, committed 3904K, reserved 1048576K
}
Event: 56.878 GC heap before
{Heap before GC invocations=17 (full 2):
 PSYoungGen      total 23040K, used 22016K [0x00000000d5580000, 0x00000000d7000000, 0x0000000100000000)
  eden space 22016K, 100% used [0x00000000d5580000,0x00000000d6b00000,0x00000000d6b00000)
  from space 1024K, 0% used [0x00000000d6f00000,0x00000000d6f00000,0x00000000d7000000)
  to   space 1024K, 0% used [0x00000000d6e00000,0x00000000d6e00000,0x00000000d6f00000)
 ParOldGen       total 68608K, used 17717K [0x0000000080000000, 0x0000000084300000, 0x00000000d5580000)
  object space 68608K, 25% used [0x0000000080000000,0x000000008114d760,0x0000000084300000)
 Metaspace       used 37114K, committed 38208K, reserved 1114112K
  class space    used 3786K, committed 4224K, reserved 1048576K
}
Event: 56.882 GC heap after
{Heap after GC invocations=17 (full 2):
 PSYoungGen      total 23040K, used 1024K [0x00000000d5580000, 0x00000000d7200000, 0x0000000100000000)
  eden space 22016K, 0% used [0x00000000d5580000,0x00000000d5580000,0x00000000d6b00000)
  from space 1024K, 100% used [0x00000000d6e00000,0x00000000d6f00000,0x00000000d6f00000)
  to   space 3072K, 0% used [0x00000000d6f00000,0x00000000d6f00000,0x00000000d7200000)
 ParOldGen       total 68608K, used 19713K [0x0000000080000000, 0x0000000084300000, 0x00000000d5580000)
  object space 68608K, 28% used [0x0000000080000000,0x0000000081340620,0x0000000084300000)
 Metaspace       used 37114K, committed 38208K, reserved 1114112K
  class space    used 3786K, committed 4224K, reserved 1048576K
}
Event: 57.475 GC heap before
{Heap before GC invocations=18 (full 2):
 PSYoungGen      total 23040K, used 23040K [0x00000000d5580000, 0x00000000d7200000, 0x0000000100000000)
  eden space 22016K, 100% used [0x00000000d5580000,0x00000000d6b00000,0x00000000d6b00000)
  from space 1024K, 100% used [0x00000000d6e00000,0x00000000d6f00000,0x00000000d6f00000)
  to   space 3072K, 0% used [0x00000000d6f00000,0x00000000d6f00000,0x00000000d7200000)
 ParOldGen       total 68608K, used 19713K [0x0000000080000000, 0x0000000084300000, 0x00000000d5580000)
  object space 68608K, 28% used [0x0000000080000000,0x0000000081340620,0x0000000084300000)
 Metaspace       used 40127K, committed 41216K, reserved 1114112K
  class space    used 4151K, committed 4608K, reserved 1048576K
}
Event: 57.480 GC heap after
{Heap after GC invocations=18 (full 2):
 PSYoungGen      total 23552K, used 1216K [0x00000000d5580000, 0x00000000d7080000, 0x0000000100000000)
  eden space 22016K, 0% used [0x00000000d5580000,0x00000000d5580000,0x00000000d6b00000)
  from space 1536K, 79% used [0x00000000d6f00000,0x00000000d7030000,0x00000000d7080000)
  to   space 2048K, 0% used [0x00000000d6c80000,0x00000000d6c80000,0x00000000d6e80000)
 ParOldGen       total 68608K, used 20644K [0x0000000080000000, 0x0000000084300000, 0x00000000d5580000)
  object space 68608K, 30% used [0x0000000080000000,0x00000000814291c0,0x0000000084300000)
 Metaspace       used 40127K, committed 41216K, reserved 1114112K
  class space    used 4151K, committed 4608K, reserved 1048576K
}
Event: 57.828 GC heap before
{Heap before GC invocations=19 (full 2):
 PSYoungGen      total 23552K, used 23232K [0x00000000d5580000, 0x00000000d7080000, 0x0000000100000000)
  eden space 22016K, 100% used [0x00000000d5580000,0x00000000d6b00000,0x00000000d6b00000)
  from space 1536K, 79% used [0x00000000d6f00000,0x00000000d7030000,0x00000000d7080000)
  to   space 2048K, 0% used [0x00000000d6c80000,0x00000000d6c80000,0x00000000d6e80000)
 ParOldGen       total 68608K, used 20644K [0x0000000080000000, 0x0000000084300000, 0x00000000d5580000)
  object space 68608K, 30% used [0x0000000080000000,0x00000000814291c0,0x0000000084300000)
 Metaspace       used 43188K, committed 44288K, reserved 1114112K
  class space    used 4558K, committed 5056K, reserved 1048576K
}
Event: 57.832 GC heap after
{Heap after GC invocations=19 (full 2):
 PSYoungGen      total 23552K, used 1289K [0x00000000d5580000, 0x00000000d6f80000, 0x0000000100000000)
  eden space 22016K, 0% used [0x00000000d5580000,0x00000000d5580000,0x00000000d6b00000)
  from space 1536K, 83% used [0x00000000d6c80000,0x00000000d6dc2460,0x00000000d6e00000)
  to   space 1536K, 0% used [0x00000000d6e00000,0x00000000d6e00000,0x00000000d6f80000)
 ParOldGen       total 68608K, used 21704K [0x0000000080000000, 0x0000000084300000, 0x00000000d5580000)
  object space 68608K, 31% used [0x0000000080000000,0x00000000815321d0,0x0000000084300000)
 Metaspace       used 43188K, committed 44288K, reserved 1114112K
  class space    used 4558K, committed 5056K, reserved 1048576K
}

Dll operation events (14 events):
Event: 0.149 Loaded shared library c:\Users\Lenovo\.vscode\extensions\redhat.java-1.43.1-win32-x64\jre\21.0.7-win32-x86_64\bin\java.dll
Event: 0.403 Loaded shared library c:\Users\Lenovo\.vscode\extensions\redhat.java-1.43.1-win32-x64\jre\21.0.7-win32-x86_64\bin\zip.dll
Event: 0.508 Loaded shared library C:\Users\Lenovo\.vscode\extensions\redhat.java-1.43.1-win32-x64\jre\21.0.7-win32-x86_64\bin\instrument.dll
Event: 0.531 Loaded shared library C:\Users\Lenovo\.vscode\extensions\redhat.java-1.43.1-win32-x64\jre\21.0.7-win32-x86_64\bin\net.dll
Event: 0.560 Loaded shared library C:\Users\Lenovo\.vscode\extensions\redhat.java-1.43.1-win32-x64\jre\21.0.7-win32-x86_64\bin\nio.dll
Event: 0.568 Loaded shared library C:\Users\Lenovo\.vscode\extensions\redhat.java-1.43.1-win32-x64\jre\21.0.7-win32-x86_64\bin\zip.dll
Event: 0.696 Loaded shared library C:\Users\Lenovo\.vscode\extensions\redhat.java-1.43.1-win32-x64\jre\21.0.7-win32-x86_64\bin\jimage.dll
Event: 1.182 Loaded shared library c:\Users\Lenovo\.vscode\extensions\redhat.java-1.43.1-win32-x64\jre\21.0.7-win32-x86_64\bin\verify.dll
Event: 16.359 Loaded shared library C:\Users\Lenovo\AppData\Roaming\Code\User\globalStorage\redhat.java\1.43.1\config_win\org.eclipse.equinox.launcher\org.eclipse.equinox.launcher.win32.win32.x86_64_1.2.1300.v20250331-1702\eclipse_11911.dll
Event: 50.746 Loaded shared library C:\Users\Lenovo\.vscode\extensions\redhat.java-1.43.1-win32-x64\jre\21.0.7-win32-x86_64\bin\management.dll
Event: 50.754 Loaded shared library C:\Users\Lenovo\.vscode\extensions\redhat.java-1.43.1-win32-x64\jre\21.0.7-win32-x86_64\bin\management_ext.dll
Event: 53.693 Loaded shared library C:\Users\Lenovo\AppData\Local\Temp\jna--2022488749\jna3800121563442417881.dll
Event: 57.359 Loaded shared library C:\Users\Lenovo\.vscode\extensions\redhat.java-1.43.1-win32-x64\jre\21.0.7-win32-x86_64\bin\sunmscapi.dll
Event: 57.673 Loaded shared library C:\Users\Lenovo\.vscode\extensions\redhat.java-1.43.1-win32-x64\jre\21.0.7-win32-x86_64\bin\extnet.dll

Deoptimization events (20 events):
Event: 57.746 Thread 0x00000286765d3a00 DEOPT PACKING pc=0x0000028664f24ee8 sp=0x000000efd5afe5f0
Event: 57.746 Thread 0x00000286765d3a00 DEOPT UNPACKING pc=0x0000028664813aa2 sp=0x000000efd5afe570 mode 2
Event: 57.848 Thread 0x00000286765d3a00 Uncommon trap: trap_request=0xffffffc6 fr.pc=0x0000028664f45a60 relative=0x0000000000000120
Event: 57.848 Thread 0x00000286765d3a00 Uncommon trap: reason=bimorphic_or_optimized_type_check action=maybe_recompile pc=0x0000028664f45a60 method=java.util.AbstractList$Itr.hasNext()Z @ 8 c2
Event: 57.848 Thread 0x00000286765d3a00 DEOPT PACKING pc=0x0000028664f45a60 sp=0x000000efd5afd8a0
Event: 57.848 Thread 0x00000286765d3a00 DEOPT UNPACKING pc=0x0000028664813aa2 sp=0x000000efd5afd838 mode 2
Event: 57.922 Thread 0x00000286765d3a00 DEOPT PACKING pc=0x000002865d957012 sp=0x000000efd5afd730
Event: 57.922 Thread 0x00000286765d3a00 DEOPT UNPACKING pc=0x0000028664814242 sp=0x000000efd5afcbf8 mode 0
Event: 57.924 Thread 0x00000286765d3a00 DEOPT PACKING pc=0x000002865d955712 sp=0x000000efd5afd730
Event: 57.924 Thread 0x00000286765d3a00 DEOPT UNPACKING pc=0x0000028664814242 sp=0x000000efd5afcbf8 mode 0
Event: 58.001 Thread 0x0000028676475400 Uncommon trap: trap_request=0xffffff45 fr.pc=0x0000028664ef8208 relative=0x00000000000002a8
Event: 58.001 Thread 0x0000028676475400 Uncommon trap: reason=unstable_if action=reinterpret pc=0x0000028664ef8208 method=java.lang.ClassLoader.checkName(Ljava/lang/String;)Z @ 1 c2
Event: 58.001 Thread 0x0000028676475400 DEOPT PACKING pc=0x0000028664ef8208 sp=0x000000efd55fdf60
Event: 58.001 Thread 0x0000028676475400 DEOPT UNPACKING pc=0x0000028664813aa2 sp=0x000000efd55fdef8 mode 2
Event: 58.001 Thread 0x0000028676475400 Uncommon trap: trap_request=0xffffff45 fr.pc=0x0000028664e01144 relative=0x0000000000001064
Event: 58.001 Thread 0x0000028676475400 Uncommon trap: reason=unstable_if action=reinterpret pc=0x0000028664e01144 method=lombok.patcher.ScriptManager$OurClassFileTransformer.transform(Ljava/lang/ClassLoader;Ljava/lang/String;Ljava/lang/Class;Ljava/security/ProtectionDomain;[B)[B @ 1 c2
Event: 58.001 Thread 0x0000028676475400 DEOPT PACKING pc=0x0000028664e01144 sp=0x000000efd55fcac0
Event: 58.001 Thread 0x0000028676475400 DEOPT UNPACKING pc=0x0000028664813aa2 sp=0x000000efd55fca40 mode 2
Event: 58.062 Thread 0x0000028676475400 DEOPT PACKING pc=0x000002865d6fdfbc sp=0x000000efd55fc2e0
Event: 58.062 Thread 0x0000028676475400 DEOPT UNPACKING pc=0x0000028664814242 sp=0x000000efd55fb800 mode 0

Classes loaded (20 events):
Event: 57.871 Loading class sun/security/util/math/intpoly/IntegerPolynomialP384
Event: 57.875 Loading class sun/security/util/math/intpoly/IntegerPolynomialP384 done
Event: 57.877 Loading class sun/security/util/math/intpoly/IntegerPolynomialP521
Event: 57.878 Loading class sun/security/util/math/intpoly/IntegerPolynomialP521 done
Event: 57.879 Loading class sun/security/util/math/intpoly/P384OrderField
Event: 57.879 Loading class sun/security/util/math/intpoly/P384OrderField done
Event: 57.879 Loading class sun/security/util/math/intpoly/P521OrderField
Event: 57.881 Loading class sun/security/util/math/intpoly/P521OrderField done
Event: 57.886 Loading class java/security/interfaces/ECPrivateKey
Event: 57.886 Loading class java/security/interfaces/ECPrivateKey done
Event: 57.887 Loading class sun/security/util/ArrayUtil
Event: 57.893 Loading class sun/security/util/ArrayUtil done
Event: 57.906 Loading class sun/security/util/math/IntegerModuloP$MultiplicativeInverser$Secp256R1
Event: 57.907 Loading class sun/security/util/math/IntegerModuloP$MultiplicativeInverser$Secp256R1 done
Event: 57.935 Loading class java/lang/ExceptionInInitializerError
Event: 57.936 Loading class java/lang/ExceptionInInitializerError done
Event: 57.937 Loading class sun/misc/Unsafe
Event: 57.938 Loading class sun/misc/Unsafe done
Event: 57.990 Loading class jdk/internal/org/objectweb/asm/ClassReader
Event: 57.999 Loading class jdk/internal/org/objectweb/asm/ClassReader done

Classes unloaded (11 events):
Event: 51.915 Thread 0x0000028659f5d8f0 Unloading class 0x00000286011b0800 'java/lang/invoke/LambdaForm$MH+0x00000286011b0800'
Event: 51.915 Thread 0x0000028659f5d8f0 Unloading class 0x00000286011b0400 'java/lang/invoke/LambdaForm$MH+0x00000286011b0400'
Event: 51.915 Thread 0x0000028659f5d8f0 Unloading class 0x00000286011b0000 'java/lang/invoke/LambdaForm$MH+0x00000286011b0000'
Event: 51.915 Thread 0x0000028659f5d8f0 Unloading class 0x00000286011afc00 'java/lang/invoke/LambdaForm$MH+0x00000286011afc00'
Event: 51.915 Thread 0x0000028659f5d8f0 Unloading class 0x00000286011af800 'java/lang/invoke/LambdaForm$BMH+0x00000286011af800'
Event: 51.915 Thread 0x0000028659f5d8f0 Unloading class 0x00000286011af400 'java/lang/invoke/LambdaForm$DMH+0x00000286011af400'
Event: 51.915 Thread 0x0000028659f5d8f0 Unloading class 0x00000286011ae000 'java/lang/invoke/LambdaForm$DMH+0x00000286011ae000'
Event: 54.765 Thread 0x0000028659f5d8f0 Unloading class 0x00000286012e5800 'java/lang/invoke/LambdaForm$MH+0x00000286012e5800'
Event: 54.765 Thread 0x0000028659f5d8f0 Unloading class 0x00000286012e4c00 'java/lang/invoke/LambdaForm$MH+0x00000286012e4c00'
Event: 54.765 Thread 0x0000028659f5d8f0 Unloading class 0x00000286012e4000 'java/lang/invoke/LambdaForm$MH+0x00000286012e4000'
Event: 54.765 Thread 0x0000028659f5d8f0 Unloading class 0x00000286012e3800 'java/lang/invoke/LambdaForm$DMH+0x00000286012e3800'

Classes redefined (0 events):
No events

Internal exceptions (20 events):
Event: 53.810 Thread 0x000002867646d470 Exception <a 'java/io/FileNotFoundException'{0x00000000d61f4660}> (0x00000000d61f4660) 
thrown [s\src\hotspot\share\prims\jni.cpp, line 520]
Event: 53.839 Thread 0x000002867646d470 Exception <a 'java/lang/NoSuchMethodError'{0x00000000d6315068}: 'void java.lang.invoke.DirectMethodHandle$Holder.invokeSpecial(java.lang.Object, java.lang.Object, java.lang.Object, int)'> (0x00000000d6315068) 
thrown [s\src\hotspot\share\interpreter\linkResolver.cpp, line 773]
Event: 53.841 Thread 0x000002867646d470 Exception <a 'java/lang/NoSuchMethodError'{0x00000000d6318738}: 'void java.lang.invoke.DelegatingMethodHandle$Holder.reinvoke_L(java.lang.Object, java.lang.Object, int)'> (0x00000000d6318738) 
thrown [s\src\hotspot\share\interpreter\linkResolver.cpp, line 773]
Event: 53.843 Thread 0x000002867646d470 Exception <a 'java/lang/NoSuchMethodError'{0x00000000d631f0d0}: 'int java.lang.invoke.Invokers$Holder.invokeExact_MT(java.lang.Object, java.lang.Object, java.lang.Object)'> (0x00000000d631f0d0) 
thrown [s\src\hotspot\share\interpreter\linkResolver.cpp, line 773]
Event: 53.853 Thread 0x000002867646d470 Exception <a 'java/lang/UnsatisfiedLinkError'{0x00000000d6354150}: The specified procedure could not be found.
> (0x00000000d6354150) 
thrown [s\src\hotspot\share\prims\jni.cpp, line 539]
Event: 53.877 Thread 0x000002867646d470 Exception <a 'java/lang/NoSuchMethodError'{0x00000000d6360e48}: 'void java.lang.invoke.Invokers$Holder.invokeExact_MT(java.lang.Object, java.lang.Object, int, java.lang.Object)'> (0x00000000d6360e48) 
thrown [s\src\hotspot\share\interpreter\linkResolver.cpp, line 773]
Event: 54.093 Thread 0x000002865a090a60 Exception <a 'java/io/FileNotFoundException'{0x00000000d5825148}> (0x00000000d5825148) 
thrown [s\src\hotspot\share\prims\jni.cpp, line 520]
Event: 54.240 Thread 0x00000286765d3a00 Exception <a 'sun/nio/fs/WindowsException'{0x00000000d5c502c8}> (0x00000000d5c502c8) 
thrown [s\src\hotspot\share\prims\jni.cpp, line 520]
Event: 54.669 Thread 0x000002865a090a60 Exception <a 'java/lang/NoSuchMethodError'{0x00000000d616fcb8}: 'java.lang.Object java.lang.invoke.DirectMethodHandle$Holder.invokeStatic(java.lang.Object, long, java.lang.Object)'> (0x00000000d616fcb8) 
thrown [s\src\hotspot\share\interpreter\linkResolver.cpp, line 773]
Event: 54.669 Thread 0x000002865a090a60 Exception <a 'java/lang/NoSuchMethodError'{0x00000000d6173320}: 'java.lang.Object java.lang.invoke.DirectMethodHandle$Holder.invokeStaticInit(java.lang.Object, long, java.lang.Object)'> (0x00000000d6173320) 
thrown [s\src\hotspot\share\interpreter\linkResolver.cpp, line 773]
Event: 54.670 Thread 0x000002865a090a60 Exception <a 'java/lang/NoSuchMethodError'{0x00000000d6178eb8}: 'java.lang.Object java.lang.invoke.DirectMethodHandle$Holder.newInvokeSpecial(java.lang.Object, long)'> (0x00000000d6178eb8) 
thrown [s\src\hotspot\share\interpreter\linkResolver.cpp, line 773]
Event: 57.576 Thread 0x000002865a090a60 Exception <a 'java/lang/NoSuchMethodError'{0x00000000d5ab9b90}: 'void java.lang.invoke.DirectMethodHandle$Holder.invokeSpecial(java.lang.Object, java.lang.Object, java.lang.Object, java.lang.Object, java.lang.Object, java.lang.Object)'> (0x00000000d5ab9b90) 
thrown [s\src\hotspot\share\interpreter\linkResolver.cpp, line 773]
Event: 57.579 Thread 0x000002865a090a60 Exception <a 'java/lang/IncompatibleClassChangeError'{0x00000000d5ac1d10}: Found class java.lang.Object, but interface was expected> (0x00000000d5ac1d10) 
thrown [s\src\hotspot\share\interpreter\linkResolver.cpp, line 840]
Event: 57.584 Thread 0x000002865a090a60 Exception <a 'java/lang/IncompatibleClassChangeError'{0x00000000d5ac3a68}: Found class java.lang.Object, but interface was expected> (0x00000000d5ac3a68) 
thrown [s\src\hotspot\share\interpreter\linkResolver.cpp, line 840]
Event: 57.931 Thread 0x0000028676475400 Exception <a 'java/lang/NoSuchMethodError'{0x00000000d59c7508}: 'void java.lang.invoke.DirectMethodHandle$Holder.invokeStaticInit(java.lang.Object, java.lang.Object, java.lang.Object)'> (0x00000000d59c7508) 
thrown [s\src\hotspot\share\interpreter\linkResolver.cpp, line 773]
Event: 57.939 Thread 0x0000028676475400 Exception <a 'java/lang/ExceptionInInitializerError'{0x00000000d5a195c8}> (0x00000000d5a195c8) 
thrown [s\src\hotspot\share\oops\instanceKlass.cpp, line 1220]
Event: 57.987 Thread 0x0000028676475400 Exception <a 'java/lang/NoSuchMethodError'{0x00000000d5bce200}: 'long java.lang.invoke.DirectMethodHandle$Holder.invokeStatic(java.lang.Object, java.lang.Object, int)'> (0x00000000d5bce200) 
thrown [s\src\hotspot\share\interpreter\linkResolver.cpp, line 773]
Event: 58.001 Thread 0x0000028676475400 Implicit null exception at 0x0000028664ef7f80 to 0x0000028664ef81f4
Event: 58.001 Thread 0x0000028676475400 Implicit null exception at 0x0000028664e00140 to 0x0000028664e01134
Event: 58.004 Thread 0x0000028676475400 Exception <a 'java/lang/NoSuchMethodError'{0x00000000d5c0e070}: 'java.lang.Object java.lang.invoke.Invokers$Holder.invokeExact_MT(java.lang.Object, int, java.lang.Object)'> (0x00000000d5c0e070) 
thrown [s\src\hotspot\share\interpreter\linkResolver.cpp, line 773]

ZGC Phase Switch (0 events):
No events

VM Operations (20 events):
Event: 56.612 Executing VM operation: HandshakeAllThreads (Deoptimize)
Event: 56.620 Executing VM operation: HandshakeAllThreads (Deoptimize) done
Event: 56.878 Executing VM operation: ParallelGCFailedAllocation (Allocation Failure)
Event: 56.882 Executing VM operation: ParallelGCFailedAllocation (Allocation Failure) done
Event: 56.990 Executing VM operation: HandshakeAllThreads (Deoptimize)
Event: 57.021 Executing VM operation: HandshakeAllThreads (Deoptimize) done
Event: 57.411 Executing VM operation: HandshakeAllThreads (Deoptimize)
Event: 57.431 Executing VM operation: HandshakeAllThreads (Deoptimize) done
Event: 57.475 Executing VM operation: ParallelGCFailedAllocation (Allocation Failure)
Event: 57.480 Executing VM operation: ParallelGCFailedAllocation (Allocation Failure) done
Event: 57.491 Executing VM operation: HandshakeAllThreads (Deoptimize)
Event: 57.491 Executing VM operation: HandshakeAllThreads (Deoptimize) done
Event: 57.572 Executing VM operation: HandshakeAllThreads (Deoptimize)
Event: 57.573 Executing VM operation: HandshakeAllThreads (Deoptimize) done
Event: 57.750 Executing VM operation: HandshakeAllThreads (Deoptimize)
Event: 57.761 Executing VM operation: HandshakeAllThreads (Deoptimize) done
Event: 57.828 Executing VM operation: ParallelGCFailedAllocation (Allocation Failure)
Event: 57.832 Executing VM operation: ParallelGCFailedAllocation (Allocation Failure) done
Event: 58.072 Executing VM operation: HandshakeAllThreads (Deoptimize)
Event: 58.072 Executing VM operation: HandshakeAllThreads (Deoptimize) done

Memory protections (0 events):
No events

Nmethod flushes (20 events):
Event: 54.783 Thread 0x0000028659f5d8f0 flushing  nmethod 0x000002865d952b10
Event: 54.783 Thread 0x0000028659f5d8f0 flushing  nmethod 0x000002865d95b190
Event: 54.783 Thread 0x0000028659f5d8f0 flushing  nmethod 0x000002865d96b590
Event: 54.783 Thread 0x0000028659f5d8f0 flushing  nmethod 0x000002865d96e710
Event: 54.783 Thread 0x0000028659f5d8f0 flushing  nmethod 0x000002865d970610
Event: 54.783 Thread 0x0000028659f5d8f0 flushing  nmethod 0x000002865d970f90
Event: 54.783 Thread 0x0000028659f5d8f0 flushing  nmethod 0x000002865d9c5a10
Event: 54.783 Thread 0x0000028659f5d8f0 flushing  nmethod 0x000002865d9f7590
Event: 54.783 Thread 0x0000028659f5d8f0 flushing  nmethod 0x000002865da6ba90
Event: 54.783 Thread 0x0000028659f5d8f0 flushing  nmethod 0x000002865da6da10
Event: 54.783 Thread 0x0000028659f5d8f0 flushing  nmethod 0x000002865da6e310
Event: 54.783 Thread 0x0000028659f5d8f0 flushing  nmethod 0x000002865da70110
Event: 54.783 Thread 0x0000028659f5d8f0 flushing  nmethod 0x000002865da70890
Event: 54.783 Thread 0x0000028659f5d8f0 flushing  nmethod 0x000002865da71e10
Event: 54.783 Thread 0x0000028659f5d8f0 flushing  nmethod 0x000002865da74010
Event: 54.783 Thread 0x0000028659f5d8f0 flushing  nmethod 0x000002865da74f10
Event: 54.783 Thread 0x0000028659f5d8f0 flushing  nmethod 0x000002865da76390
Event: 54.783 Thread 0x0000028659f5d8f0 flushing  nmethod 0x000002865dab6d90
Event: 54.783 Thread 0x0000028659f5d8f0 flushing  nmethod 0x000002865dafd390
Event: 54.783 Thread 0x0000028659f5d8f0 flushing  nmethod 0x000002865db31e10

Events (20 events):
Event: 49.612 Thread 0x000002867646d470 Thread added: 0x00000286764746e0
Event: 49.759 Thread 0x000002867646d470 Thread added: 0x0000028676476e40
Event: 50.485 Thread 0x000002867646d470 Thread added: 0x0000028676474d70
Event: 50.908 Thread 0x000002867646d470 Thread added: 0x0000028676475400
Event: 50.941 Thread 0x000002867646d470 Thread added: 0x00000286765d5440
Event: 52.770 Thread 0x000002867646d470 Thread added: 0x00000286765d1fc0
Event: 52.772 Thread 0x00000286765d5440 Thread added: 0x00000286765d3370
Event: 52.909 Thread 0x00000286765d3370 Thread added: 0x00000286765d3a00
Event: 53.755 Thread 0x000002867646d470 Thread added: 0x00000286765d7510
Event: 53.981 Thread 0x00000286765d3a00 Thread added: 0x00000286765d88c0
Event: 54.238 Thread 0x00000286765d88c0 Thread added: 0x00000286765d4090
Event: 54.853 Thread 0x000002865a090a60 Thread added: 0x00000286765d6e80
Event: 54.855 Thread 0x000002865a090a60 Thread added: 0x00000286765d5ad0
Event: 54.855 Thread 0x000002865a090a60 Thread added: 0x00000286765d6160
Event: 54.856 Thread 0x000002865a090a60 Thread added: 0x00000286765d67f0
Event: 54.858 Thread 0x000002865a090a60 Thread added: 0x00000286765d7ba0
Event: 54.903 Thread 0x000002865a090a60 Thread added: 0x00000286765d4720
Event: 56.817 Thread 0x0000028676476e40 Thread exited: 0x0000028676476e40
Event: 57.626 Thread 0x000002865a090a60 Thread added: 0x00000286765d8f50
Event: 57.626 Thread 0x000002865a090a60 Thread added: 0x00000286765d95e0


Dynamic libraries:
0x00007ff6b2890000 - 0x00007ff6b289e000 	c:\Users\Lenovo\.vscode\extensions\redhat.java-1.43.1-win32-x64\jre\21.0.7-win32-x86_64\bin\java.exe
0x00007ffce3870000 - 0x00007ffce3a68000 	C:\WINDOWS\SYSTEM32\ntdll.dll
0x00007ffce1900000 - 0x00007ffce19c2000 	C:\WINDOWS\System32\KERNEL32.DLL
0x00007ffce13f0000 - 0x00007ffce16e6000 	C:\WINDOWS\System32\KERNELBASE.dll
0x00007ffce1100000 - 0x00007ffce1200000 	C:\WINDOWS\System32\ucrtbase.dll
0x00007ffcceae0000 - 0x00007ffcceaf8000 	c:\Users\Lenovo\.vscode\extensions\redhat.java-1.43.1-win32-x64\jre\21.0.7-win32-x86_64\bin\jli.dll
0x00007ffce3650000 - 0x00007ffce37ed000 	C:\WINDOWS\System32\USER32.dll
0x00007ffce1810000 - 0x00007ffce1832000 	C:\WINDOWS\System32\win32u.dll
0x00007ffce3800000 - 0x00007ffce382b000 	C:\WINDOWS\System32\GDI32.dll
0x00007ffce16f0000 - 0x00007ffce1808000 	C:\WINDOWS\System32\gdi32full.dll
0x00007ffce1060000 - 0x00007ffce10fd000 	C:\WINDOWS\System32\msvcp_win.dll
0x00007ffcce960000 - 0x00007ffcce97e000 	c:\Users\Lenovo\.vscode\extensions\redhat.java-1.43.1-win32-x64\jre\21.0.7-win32-x86_64\bin\VCRUNTIME140.dll
0x00007ffccc4a0000 - 0x00007ffccc73a000 	C:\WINDOWS\WinSxS\amd64_microsoft.windows.common-controls_6595b64144ccf1df_6.0.19041.5915_none_60b4b9d171f9c7c7\COMCTL32.dll
0x00007ffce23c0000 - 0x00007ffce245e000 	C:\WINDOWS\System32\msvcrt.dll
0x00007ffce2be0000 - 0x00007ffce2c0f000 	C:\WINDOWS\System32\IMM32.DLL
0x00007ffcd97b0000 - 0x00007ffcd97bc000 	c:\Users\Lenovo\.vscode\extensions\redhat.java-1.43.1-win32-x64\jre\21.0.7-win32-x86_64\bin\vcruntime140_1.dll
0x00007ffcb5570000 - 0x00007ffcb55fd000 	c:\Users\Lenovo\.vscode\extensions\redhat.java-1.43.1-win32-x64\jre\21.0.7-win32-x86_64\bin\msvcp140.dll
0x00007ffc7ff70000 - 0x00007ffc80d00000 	c:\Users\Lenovo\.vscode\extensions\redhat.java-1.43.1-win32-x64\jre\21.0.7-win32-x86_64\bin\server\jvm.dll
0x00007ffce1fd0000 - 0x00007ffce2081000 	C:\WINDOWS\System32\ADVAPI32.dll
0x00007ffce2f70000 - 0x00007ffce300f000 	C:\WINDOWS\System32\sechost.dll
0x00007ffce3430000 - 0x00007ffce3553000 	C:\WINDOWS\System32\RPCRT4.dll
0x00007ffce1200000 - 0x00007ffce1227000 	C:\WINDOWS\System32\bcrypt.dll
0x00007ffce33c0000 - 0x00007ffce342b000 	C:\WINDOWS\System32\WS2_32.dll
0x00007ffce0d60000 - 0x00007ffce0dab000 	C:\WINDOWS\SYSTEM32\POWRPROF.dll
0x00007ffccc750000 - 0x00007ffccc777000 	C:\WINDOWS\SYSTEM32\WINMM.dll
0x00007ffcd5ce0000 - 0x00007ffcd5cea000 	C:\WINDOWS\SYSTEM32\VERSION.dll
0x00007ffce0d40000 - 0x00007ffce0d52000 	C:\WINDOWS\SYSTEM32\UMPDC.dll
0x00007ffcded40000 - 0x00007ffcded52000 	C:\WINDOWS\SYSTEM32\kernel.appcore.dll
0x00007ffcd9790000 - 0x00007ffcd979a000 	c:\Users\Lenovo\.vscode\extensions\redhat.java-1.43.1-win32-x64\jre\21.0.7-win32-x86_64\bin\jimage.dll
0x00007ffccc7c0000 - 0x00007ffccc9c1000 	C:\WINDOWS\SYSTEM32\DBGHELP.DLL
0x00007ffccb650000 - 0x00007ffccb684000 	C:\WINDOWS\SYSTEM32\dbgcore.DLL
0x00007ffce12b0000 - 0x00007ffce1332000 	C:\WINDOWS\System32\bcryptPrimitives.dll
0x00007ffcd8f50000 - 0x00007ffcd8f5f000 	c:\Users\Lenovo\.vscode\extensions\redhat.java-1.43.1-win32-x64\jre\21.0.7-win32-x86_64\bin\instrument.dll
0x00007ffccdea0000 - 0x00007ffccdebf000 	c:\Users\Lenovo\.vscode\extensions\redhat.java-1.43.1-win32-x64\jre\21.0.7-win32-x86_64\bin\java.dll
0x00007ffce2470000 - 0x00007ffce2bde000 	C:\WINDOWS\System32\SHELL32.dll
0x00007ffcdef40000 - 0x00007ffcdf6e4000 	C:\WINDOWS\SYSTEM32\windows.storage.dll
0x00007ffce2c10000 - 0x00007ffce2f63000 	C:\WINDOWS\System32\combase.dll
0x00007ffce0780000 - 0x00007ffce07ab000 	C:\WINDOWS\SYSTEM32\Wldp.dll
0x00007ffce3560000 - 0x00007ffce362d000 	C:\WINDOWS\System32\OLEAUT32.dll
0x00007ffce3310000 - 0x00007ffce33bd000 	C:\WINDOWS\System32\SHCORE.dll
0x00007ffce2240000 - 0x00007ffce229b000 	C:\WINDOWS\System32\shlwapi.dll
0x00007ffce0e30000 - 0x00007ffce0e54000 	C:\WINDOWS\SYSTEM32\profapi.dll
0x00007ffcc93c0000 - 0x00007ffcc93d8000 	c:\Users\Lenovo\.vscode\extensions\redhat.java-1.43.1-win32-x64\jre\21.0.7-win32-x86_64\bin\zip.dll
0x00007ffcd5fa0000 - 0x00007ffcd5fb0000 	C:\Users\Lenovo\.vscode\extensions\redhat.java-1.43.1-win32-x64\jre\21.0.7-win32-x86_64\bin\net.dll
0x00007ffcd7d40000 - 0x00007ffcd7e4a000 	C:\WINDOWS\SYSTEM32\WINHTTP.dll
0x00007ffce0560000 - 0x00007ffce05ca000 	C:\WINDOWS\system32\mswsock.dll
0x00007ffcc7c90000 - 0x00007ffcc7ca6000 	C:\Users\Lenovo\.vscode\extensions\redhat.java-1.43.1-win32-x64\jre\21.0.7-win32-x86_64\bin\nio.dll
0x00007ffcd0a90000 - 0x00007ffcd0aa0000 	c:\Users\Lenovo\.vscode\extensions\redhat.java-1.43.1-win32-x64\jre\21.0.7-win32-x86_64\bin\verify.dll
0x00007ffcb5820000 - 0x00007ffcb5865000 	C:\Users\Lenovo\AppData\Roaming\Code\User\globalStorage\redhat.java\1.43.1\config_win\org.eclipse.equinox.launcher\org.eclipse.equinox.launcher.win32.win32.x86_64_1.2.1300.v20250331-1702\eclipse_11911.dll
0x00007ffce3010000 - 0x00007ffce313b000 	C:\WINDOWS\System32\ole32.dll
0x00007ffccf7e0000 - 0x00007ffccf7ea000 	C:\Users\Lenovo\.vscode\extensions\redhat.java-1.43.1-win32-x64\jre\21.0.7-win32-x86_64\bin\management.dll
0x00007ffcce5c0000 - 0x00007ffcce5cb000 	C:\Users\Lenovo\.vscode\extensions\redhat.java-1.43.1-win32-x64\jre\21.0.7-win32-x86_64\bin\management_ext.dll
0x00007ffce37f0000 - 0x00007ffce37f8000 	C:\WINDOWS\System32\PSAPI.DLL
0x00007ffce07c0000 - 0x00007ffce07d8000 	C:\WINDOWS\SYSTEM32\CRYPTSP.dll
0x00007ffcdfea0000 - 0x00007ffcdfed5000 	C:\WINDOWS\system32\rsaenh.dll
0x00007ffce0db0000 - 0x00007ffce0dde000 	C:\WINDOWS\SYSTEM32\USERENV.dll
0x00007ffce06f0000 - 0x00007ffce06fc000 	C:\WINDOWS\SYSTEM32\CRYPTBASE.dll
0x00007ffce0260000 - 0x00007ffce029b000 	C:\WINDOWS\SYSTEM32\IPHLPAPI.DLL
0x00007ffce1890000 - 0x00007ffce1898000 	C:\WINDOWS\System32\NSI.dll
0x00007ffcb2a30000 - 0x00007ffcb2a79000 	C:\Users\Lenovo\AppData\Local\Temp\jna--2022488749\jna3800121563442417881.dll
0x00007ffcd9b10000 - 0x00007ffcd9b27000 	C:\WINDOWS\SYSTEM32\dhcpcsvc6.DLL
0x00007ffcd9970000 - 0x00007ffcd998d000 	C:\WINDOWS\SYSTEM32\dhcpcsvc.DLL
0x00007ffcd8f80000 - 0x00007ffcd8f8e000 	C:\Users\Lenovo\.vscode\extensions\redhat.java-1.43.1-win32-x64\jre\21.0.7-win32-x86_64\bin\sunmscapi.dll
0x00007ffce0f00000 - 0x00007ffce105d000 	C:\WINDOWS\System32\CRYPT32.dll
0x00007ffce08d0000 - 0x00007ffce08f7000 	C:\WINDOWS\SYSTEM32\ncrypt.dll
0x00007ffce0890000 - 0x00007ffce08cb000 	C:\WINDOWS\SYSTEM32\NTASN1.dll
0x00007ffce02a0000 - 0x00007ffce036a000 	C:\WINDOWS\SYSTEM32\DNSAPI.dll
0x00007ffcce6e0000 - 0x00007ffcce6ea000 	C:\Windows\System32\rasadhlp.dll
0x00007ffcd7390000 - 0x00007ffcd7410000 	C:\WINDOWS\System32\fwpuclnt.dll
0x00007ffcd8f70000 - 0x00007ffcd8f79000 	C:\Users\Lenovo\.vscode\extensions\redhat.java-1.43.1-win32-x64\jre\21.0.7-win32-x86_64\bin\extnet.dll

dbghelp: loaded successfully - version: 4.0.5 - missing functions: none
symbol engine: initialized successfully - sym options: 0x614 - pdb path: .;c:\Users\Lenovo\.vscode\extensions\redhat.java-1.43.1-win32-x64\jre\21.0.7-win32-x86_64\bin;C:\WINDOWS\SYSTEM32;C:\WINDOWS\WinSxS\amd64_microsoft.windows.common-controls_6595b64144ccf1df_6.0.19041.5915_none_60b4b9d171f9c7c7;c:\Users\Lenovo\.vscode\extensions\redhat.java-1.43.1-win32-x64\jre\21.0.7-win32-x86_64\bin\server;C:\Users\Lenovo\AppData\Roaming\Code\User\globalStorage\redhat.java\1.43.1\config_win\org.eclipse.equinox.launcher\org.eclipse.equinox.launcher.win32.win32.x86_64_1.2.1300.v20250331-1702;C:\Users\Lenovo\AppData\Local\Temp\jna--2022488749

VM Arguments:
jvm_args: --add-modules=ALL-SYSTEM --add-opens=java.base/java.util=ALL-UNNAMED --add-opens=java.base/java.lang=ALL-UNNAMED --add-opens=java.base/sun.nio.fs=ALL-UNNAMED -Declipse.application=org.eclipse.jdt.ls.core.id1 -Dosgi.bundles.defaultStartLevel=4 -Declipse.product=org.eclipse.jdt.ls.core.product -Djava.import.generatesMetadataFilesAtProjectRoot=false -DDetectVMInstallationsJob.disabled=true -Dfile.encoding=utf8 -XX:+UseParallelGC -XX:GCTimeRatio=4 -XX:AdaptiveSizePolicyWeight=90 -Dsun.zip.disableMemoryMapping=true -Xmx2G -Xms100m -Xlog:disable -javaagent:c:\Users\Lenovo\.vscode\extensions\redhat.java-1.43.1-win32-x64\lombok\lombok-1.18.39-4050.jar -XX:+HeapDumpOnOutOfMemoryError -XX:HeapDumpPath=c:\Users\Lenovo\AppData\Roaming\Code\User\workspaceStorage\0bc067e12cc19cec01aaf3f7bde4a848\redhat.java -Daether.dependencyCollector.impl=bf 
java_command: c:\Users\Lenovo\.vscode\extensions\redhat.java-1.43.1-win32-x64\server\plugins\org.eclipse.equinox.launcher_1.7.0.v20250519-0528.jar -configuration c:\Users\Lenovo\AppData\Roaming\Code\User\globalStorage\redhat.java\1.43.1\config_win -data c:\Users\Lenovo\AppData\Roaming\Code\User\workspaceStorage\0bc067e12cc19cec01aaf3f7bde4a848\redhat.java\jdt_ws --pipe=\\.\pipe\lsp-84cce51f677d7eeb4b9d0eb95a206844-sock
java_class_path (initial): c:\Users\Lenovo\.vscode\extensions\redhat.java-1.43.1-win32-x64\server\plugins\org.eclipse.equinox.launcher_1.7.0.v20250519-0528.jar
Launcher Type: SUN_STANDARD

[Global flags]
    uintx AdaptiveSizePolicyWeight                 = 90                                        {product} {command line}
     intx CICompilerCount                          = 3                                         {product} {ergonomic}
    uintx GCTimeRatio                              = 4                                         {product} {command line}
     bool HeapDumpOnOutOfMemoryError               = true                                   {manageable} {command line}
    ccstr HeapDumpPath                             = c:\Users\Lenovo\AppData\Roaming\Code\User\workspaceStorage\0bc067e12cc19cec01aaf3f7bde4a848\redhat.java         {manageable} {command line}
   size_t InitialHeapSize                          = 104857600                                 {product} {command line}
   size_t MaxHeapSize                              = 2147483648                                {product} {command line}
   size_t MaxNewSize                               = 715653120                                 {product} {ergonomic}
   size_t MinHeapDeltaBytes                        = 524288                                    {product} {ergonomic}
   size_t MinHeapSize                              = 104857600                                 {product} {command line}
   size_t NewSize                                  = 34603008                                  {product} {ergonomic}
    uintx NonNMethodCodeHeapSize                   = 5832780                                {pd product} {ergonomic}
    uintx NonProfiledCodeHeapSize                  = 122912730                              {pd product} {ergonomic}
   size_t OldSize                                  = 70254592                                  {product} {ergonomic}
    uintx ProfiledCodeHeapSize                     = 122912730                              {pd product} {ergonomic}
    uintx ReservedCodeCacheSize                    = 251658240                              {pd product} {ergonomic}
     bool SegmentedCodeCache                       = true                                      {product} {ergonomic}
   size_t SoftMaxHeapSize                          = 2147483648                             {manageable} {ergonomic}
     bool UseCompressedOops                        = true                           {product lp64_product} {ergonomic}
     bool UseLargePagesIndividualAllocation        = false                                  {pd product} {ergonomic}
     bool UseParallelGC                            = true                                      {product} {command line}

Logging:
Log output configuration:
 #0: stdout all=off uptime,level,tags foldmultilines=false
 #1: stderr all=off uptime,level,tags foldmultilines=false

Environment Variables:
PATH=C:\Program Files\Common Files\Oracle\Java\javapath;C:\Program Files (x86)\VMware\VMware Player\bin\;C:\WINDOWS\system32;C:\WINDOWS;C:\WINDOWS\System32\Wbem;C:\WINDOWS\System32\WindowsPowerShell\v1.0\;C:\WINDOWS\System32\OpenSSH\;C:\MinGW\bin;C:\Program Files\Git\cmd;C:\Program Files\Git\mingw64\bin;C:\Program Files\Git\usr\bin;C:\Program Files\Java\jdk-22\bin;C:\Program Files\nodejs\;C:\Program Files\Java\jdk-21\bin;C:\Program Files (x86)\Microsoft SQL Server\160\Tools\Binn\;C:\Program Files\Microsoft SQL Server\160\Tools\Binn\;C:\Program Files\Microsoft SQL Server\Client SDK\ODBC\170\Tools\Binn\;C:\Program Files\Microsoft SQL Server\160\DTS\Binn\;C:\Program Files (x86)\Microsoft SQL Server\160\DTS\Binn\;C:\Program Files\Microsoft SQL Server\150\Tools\Binn\;C:\Program Files\Docker\Docker\resources\bin;C:\Program Files\Java\jdk-23\bin;C:\Program Files\dotnet\;C:\Program Files\MySQL\MySQL Shell 8.0\bin\;C:\Users\Lenovo\AppData\Local\Programs\Python\Python312\Scripts\;C:\Users\Lenovo\AppData\Local\Programs\Python\Python312\;C:\Users\Lenovo\AppData\Local\Microsoft\WindowsApps;C:\Users\Lenovo\AppData\Local\Programs\Microsoft VS Code\bin;C:\Users\Lenovo\AppData\Local\GitHubDesktop\bin;C:\Users\Lenovo\AppData\Roaming\npm;C:\Users\Lenovo\AppData\Local\Programs\mongosh\
USERNAME=Lenovo
OS=Windows_NT
PROCESSOR_IDENTIFIER=Intel64 Family 6 Model 142 Stepping 9, GenuineIntel
TMP=C:\Users\Lenovo\AppData\Local\Temp
TEMP=C:\Users\Lenovo\AppData\Local\Temp




Periodic native trim disabled

---------------  S Y S T E M  ---------------

OS:
 Windows 10 , 64 bit Build 19041 (10.0.19041.5915)
OS uptime: 3 days 19:06 hours
Hyper-V role detected

CPU: total 4 (initial active 4) (2 cores per cpu, 2 threads per core) family 6 model 142 stepping 9 microcode 0xf0, cx8, cmov, fxsr, ht, mmx, 3dnowpref, sse, sse2, sse3, ssse3, sse4.1, sse4.2, popcnt, lzcnt, tsc, tscinvbit, avx, avx2, aes, erms, clmul, bmi1, bmi2, rtm, adx, fma, vzeroupper, clflush, clflushopt, hv, rdtscp, f16c
Processor Information for the first 4 processors :
  Max Mhz: 2701, Current Mhz: 2701, Mhz Limit: 2701

Memory: 4k page, system-wide physical 8056M (275M free)
TotalPageFile size 20237M (AvailPageFile size 8M)
current process WorkingSet (physical memory assigned to process): 195M, peak: 195M
current process commit charge ("private bytes"): 301M, peak: 302M

vm_info: OpenJDK 64-Bit Server VM (21.0.7+6-LTS) for windows-amd64 JRE (21.0.7+6-LTS), built on 2025-04-15T00:00:00Z by "admin" with MS VC++ 17.7 (VS2022)

END.
